[2013-07-05 11:07:40] [INFO ] ResteasyDeployment:82 - Deploying javax.ws.rs.core.Application: class org.example.SettingWork
 [2013-07-05 11:07:40] [INFO ] Version:37 - HCANN000001: Hibernate Commons Annotations {4.0.2.Final}
 [2013-07-05 11:07:40] [INFO ] Version:41 - HHH000412: Hibernate Core {4.2.2.Final}
 [2013-07-05 11:07:40] [INFO ] Environment:239 - HHH000206: hibernate.properties not found
 [2013-07-05 11:07:40] [INFO ] Environment:342 - HHH000021: Bytecode provider name : javassist
 [2013-07-05 11:07:40] [INFO ] Configuration:1985 - HHH000043: Configuring from resource: /hibernate.cfg.xml
 [2013-07-05 11:07:40] [INFO ] Configuration:2004 - HHH000040: Configuration resource: /hibernate.cfg.xml
 [2013-07-05 11:07:40] [INFO ] Configuration:2126 - HHH000041: Configured SessionFactory: null
 [2013-07-05 11:07:40] [INFO ] DriverManagerConnectionProviderImpl:98 - HHH000402: Using Hibernate built-in connection pool (not for production use!)
 [2013-07-05 11:07:40] [INFO ] DriverManagerConnectionProviderImpl:134 - HHH000115: Hibernate connection pool size: 1
 [2013-07-05 11:07:40] [INFO ] DriverManagerConnectionProviderImpl:137 - HHH000006: Autocommit mode: false
 [2013-07-05 11:07:40] [INFO ] DriverManagerConnectionProviderImpl:151 - HHH000401: using driver [org.h2.Driver] at URL [jdbc:h2:mem:db1;DB_CLOSE_DELAY=-1;MVCC=TRUE]
 [2013-07-05 11:07:40] [INFO ] DriverManagerConnectionProviderImpl:156 - HHH000046: Connection properties: {user=sa, password=****}
 [2013-07-05 11:07:40] [INFO ] Dialect:130 - HHH000400: Using dialect: org.hibernate.dialect.H2Dialect
 [2013-07-05 11:07:40] [INFO ] LobCreatorBuilder:94 - HHH000423: Disabling contextual LOB creation as JDBC driver reported JDBC version [3] less than 4
 [2013-07-05 11:07:40] [INFO ] TransactionFactoryInitiator:68 - HHH000399: Using default transaction strategy (direct JDBC transactions)
 [2013-07-05 11:07:40] [INFO ] ASTQueryTranslatorFactory:48 - HHH000397: Using ASTQueryTranslatorFactory
 [2013-07-05 11:07:41] [INFO ] SchemaExport:343 - HHH000227: Running hbm2ddl schema export
 [2013-07-05 11:07:41] [ERROR] SchemaExport:425 - HHH000389: Unsuccessful: alter table QUESTIONS drop constraint FK_ft7bojpo0rx65wm6t22460two
 [2013-07-05 11:07:41] [ERROR] SchemaExport:426 - Table "QUESTIONS" not found; SQL statement:
alter table QUESTIONS drop constraint FK_ft7bojpo0rx65wm6t22460two [42102-145]
 [2013-07-05 11:07:41] [ERROR] SchemaExport:425 - HHH000389: Unsuccessful: alter table QUESTIONS drop constraint FK_bl2wjhq5j87ubkqwqb3s5ulb4
 [2013-07-05 11:07:41] [ERROR] SchemaExport:426 - Table "QUESTIONS" not found; SQL statement:
alter table QUESTIONS drop constraint FK_bl2wjhq5j87ubkqwqb3s5ulb4 [42102-145]
 [2013-07-05 11:07:41] [ERROR] SchemaExport:425 - HHH000389: Unsuccessful: alter table QUESTIONSETS drop constraint FK_1lfsutbenn1e1x5oxtpg9lx6s
 [2013-07-05 11:07:41] [ERROR] SchemaExport:426 - Table "QUESTIONSETS" not found; SQL statement:
alter table QUESTIONSETS drop constraint FK_1lfsutbenn1e1x5oxtpg9lx6s [42102-145]
 [2013-07-05 11:07:41] [INFO ] SchemaExport:405 - HHH000230: Schema export complete
 [2013-07-05 11:07:51] [WARN ] HqlSqlWalker:929 - [DEPRECATION] Encountered positional parameter near line 1, column 41.  Positional parameter are considered deprecated; use named parameters or JPA-style positional parameters instead.
 [2013-07-05 11:11:06] [INFO ] ResteasyDeployment:82 - Deploying javax.ws.rs.core.Application: class org.example.SettingWork
 [2013-07-05 11:11:06] [INFO ] Version:37 - HCANN000001: Hibernate Commons Annotations {4.0.2.Final}
 [2013-07-05 11:11:06] [INFO ] Version:41 - HHH000412: Hibernate Core {4.2.2.Final}
 [2013-07-05 11:11:06] [INFO ] Environment:239 - HHH000206: hibernate.properties not found
 [2013-07-05 11:11:06] [INFO ] Environment:342 - HHH000021: Bytecode provider name : javassist
 [2013-07-05 11:11:06] [INFO ] Configuration:1985 - HHH000043: Configuring from resource: /hibernate.cfg.xml
 [2013-07-05 11:11:06] [INFO ] Configuration:2004 - HHH000040: Configuration resource: /hibernate.cfg.xml
 [2013-07-05 11:11:06] [INFO ] Configuration:2126 - HHH000041: Configured SessionFactory: null
 [2013-07-05 11:11:06] [INFO ] DriverManagerConnectionProviderImpl:98 - HHH000402: Using Hibernate built-in connection pool (not for production use!)
 [2013-07-05 11:11:06] [INFO ] DriverManagerConnectionProviderImpl:134 - HHH000115: Hibernate connection pool size: 1
 [2013-07-05 11:11:06] [INFO ] DriverManagerConnectionProviderImpl:137 - HHH000006: Autocommit mode: false
 [2013-07-05 11:11:06] [INFO ] DriverManagerConnectionProviderImpl:151 - HHH000401: using driver [org.h2.Driver] at URL [jdbc:h2:mem:db1;DB_CLOSE_DELAY=-1;MVCC=TRUE]
 [2013-07-05 11:11:06] [INFO ] DriverManagerConnectionProviderImpl:156 - HHH000046: Connection properties: {user=sa, password=****}
 [2013-07-05 11:11:06] [INFO ] Dialect:130 - HHH000400: Using dialect: org.hibernate.dialect.H2Dialect
 [2013-07-05 11:11:06] [INFO ] LobCreatorBuilder:94 - HHH000423: Disabling contextual LOB creation as JDBC driver reported JDBC version [3] less than 4
 [2013-07-05 11:11:06] [INFO ] TransactionFactoryInitiator:68 - HHH000399: Using default transaction strategy (direct JDBC transactions)
 [2013-07-05 11:11:06] [INFO ] ASTQueryTranslatorFactory:48 - HHH000397: Using ASTQueryTranslatorFactory
 [2013-07-05 11:11:07] [INFO ] SchemaExport:343 - HHH000227: Running hbm2ddl schema export
 [2013-07-05 11:11:07] [ERROR] SchemaExport:425 - HHH000389: Unsuccessful: alter table QUESTIONS drop constraint FK_ft7bojpo0rx65wm6t22460two
 [2013-07-05 11:11:07] [ERROR] SchemaExport:426 - Table "QUESTIONS" not found; SQL statement:
alter table QUESTIONS drop constraint FK_ft7bojpo0rx65wm6t22460two [42102-145]
 [2013-07-05 11:11:07] [ERROR] SchemaExport:425 - HHH000389: Unsuccessful: alter table QUESTIONS drop constraint FK_bl2wjhq5j87ubkqwqb3s5ulb4
 [2013-07-05 11:11:07] [ERROR] SchemaExport:426 - Table "QUESTIONS" not found; SQL statement:
alter table QUESTIONS drop constraint FK_bl2wjhq5j87ubkqwqb3s5ulb4 [42102-145]
 [2013-07-05 11:11:07] [ERROR] SchemaExport:425 - HHH000389: Unsuccessful: alter table QUESTIONSETS drop constraint FK_1lfsutbenn1e1x5oxtpg9lx6s
 [2013-07-05 11:11:07] [ERROR] SchemaExport:426 - Table "QUESTIONSETS" not found; SQL statement:
alter table QUESTIONSETS drop constraint FK_1lfsutbenn1e1x5oxtpg9lx6s [42102-145]
 [2013-07-05 11:11:07] [INFO ] SchemaExport:405 - HHH000230: Schema export complete
 [2013-07-05 11:11:29] [WARN ] HqlSqlWalker:929 - [DEPRECATION] Encountered positional parameter near line 1, column 41.  Positional parameter are considered deprecated; use named parameters or JPA-style positional parameters instead.
 [2013-07-05 11:12:16] [INFO ] ResteasyDeployment:82 - Deploying javax.ws.rs.core.Application: class org.example.SettingWork
[2013-07-05 11:12:16] [INFO ] Version:37 - HCANN000001: Hibernate Commons Annotations {4.0.2.Final}
[2013-07-05 11:12:16] [INFO ] Version:41 - HHH000412: Hibernate Core {4.2.2.Final}
[2013-07-05 11:12:16] [INFO ] Environment:239 - HHH000206: hibernate.properties not found
[2013-07-05 11:12:16] [INFO ] Environment:342 - HHH000021: Bytecode provider name : javassist
[2013-07-05 11:12:16] [INFO ] Configuration:1985 - HHH000043: Configuring from resource: /hibernate.cfg.xml
[2013-07-05 11:12:16] [INFO ] Configuration:2004 - HHH000040: Configuration resource: /hibernate.cfg.xml
[2013-07-05 11:12:16] [INFO ] Configuration:2126 - HHH000041: Configured SessionFactory: null
[2013-07-05 11:12:16] [INFO ] DriverManagerConnectionProviderImpl:98 - HHH000402: Using Hibernate built-in connection pool (not for production use!)
[2013-07-05 11:12:16] [INFO ] DriverManagerConnectionProviderImpl:134 - HHH000115: Hibernate connection pool size: 1
[2013-07-05 11:12:16] [INFO ] DriverManagerConnectionProviderImpl:137 - HHH000006: Autocommit mode: false
[2013-07-05 11:12:16] [INFO ] DriverManagerConnectionProviderImpl:151 - HHH000401: using driver [org.h2.Driver] at URL [jdbc:h2:mem:db1;DB_CLOSE_DELAY=-1;MVCC=TRUE]
[2013-07-05 11:12:16] [INFO ] DriverManagerConnectionProviderImpl:156 - HHH000046: Connection properties: {user=sa, password=****}
[2013-07-05 11:12:16] [INFO ] Dialect:130 - HHH000400: Using dialect: org.hibernate.dialect.H2Dialect
[2013-07-05 11:12:16] [INFO ] LobCreatorBuilder:94 - HHH000423: Disabling contextual LOB creation as JDBC driver reported JDBC version [3] less than 4
[2013-07-05 11:12:16] [INFO ] TransactionFactoryInitiator:68 - HHH000399: Using default transaction strategy (direct JDBC transactions)
[2013-07-05 11:12:16] [INFO ] ASTQueryTranslatorFactory:48 - HHH000397: Using ASTQueryTranslatorFactory
[2013-07-05 11:12:16] [INFO ] SchemaExport:343 - HHH000227: Running hbm2ddl schema export
[2013-07-05 11:12:16] [ERROR] SchemaExport:425 - HHH000389: Unsuccessful: alter table QUESTIONS drop constraint FK_ft7bojpo0rx65wm6t22460two
[2013-07-05 11:12:16] [ERROR] SchemaExport:426 - Table "QUESTIONS" not found; SQL statement:
alter table QUESTIONS drop constraint FK_ft7bojpo0rx65wm6t22460two [42102-145]
[2013-07-05 11:12:16] [ERROR] SchemaExport:425 - HHH000389: Unsuccessful: alter table QUESTIONS drop constraint FK_bl2wjhq5j87ubkqwqb3s5ulb4
[2013-07-05 11:12:16] [ERROR] SchemaExport:426 - Table "QUESTIONS" not found; SQL statement:
alter table QUESTIONS drop constraint FK_bl2wjhq5j87ubkqwqb3s5ulb4 [42102-145]
[2013-07-05 11:12:16] [ERROR] SchemaExport:425 - HHH000389: Unsuccessful: alter table QUESTIONSETS drop constraint FK_1lfsutbenn1e1x5oxtpg9lx6s
[2013-07-05 11:12:16] [ERROR] SchemaExport:426 - Table "QUESTIONSETS" not found; SQL statement:
alter table QUESTIONSETS drop constraint FK_1lfsutbenn1e1x5oxtpg9lx6s [42102-145]
[2013-07-05 11:12:16] [INFO ] SchemaExport:405 - HHH000230: Schema export complete
[2013-07-05 11:12:24] [WARN ] HqlSqlWalker:929 - [DEPRECATION] Encountered positional parameter near line 1, column 41.  Positional parameter are considered deprecated; use named parameters or JPA-style positional parameters instead.
[2013-07-05 11:14:33] [INFO ] ResteasyDeployment:82 - Deploying javax.ws.rs.core.Application: class org.example.SettingWork
[2013-07-05 11:14:33] [INFO ] Version:37 - HCANN000001: Hibernate Commons Annotations {4.0.2.Final}
[2013-07-05 11:14:33] [INFO ] Version:41 - HHH000412: Hibernate Core {4.2.2.Final}
[2013-07-05 11:14:33] [INFO ] Environment:239 - HHH000206: hibernate.properties not found
[2013-07-05 11:14:33] [INFO ] Environment:342 - HHH000021: Bytecode provider name : javassist
[2013-07-05 11:14:33] [INFO ] Configuration:1985 - HHH000043: Configuring from resource: /hibernate.cfg.xml
[2013-07-05 11:14:33] [INFO ] Configuration:2004 - HHH000040: Configuration resource: /hibernate.cfg.xml
[2013-07-05 11:14:33] [INFO ] Configuration:2126 - HHH000041: Configured SessionFactory: null
[2013-07-05 11:14:33] [INFO ] DriverManagerConnectionProviderImpl:98 - HHH000402: Using Hibernate built-in connection pool (not for production use!)
[2013-07-05 11:14:33] [INFO ] DriverManagerConnectionProviderImpl:134 - HHH000115: Hibernate connection pool size: 1
[2013-07-05 11:14:33] [INFO ] DriverManagerConnectionProviderImpl:137 - HHH000006: Autocommit mode: false
[2013-07-05 11:14:33] [INFO ] DriverManagerConnectionProviderImpl:151 - HHH000401: using driver [org.h2.Driver] at URL [jdbc:h2:mem:db1;DB_CLOSE_DELAY=-1;MVCC=TRUE]
[2013-07-05 11:14:33] [INFO ] DriverManagerConnectionProviderImpl:156 - HHH000046: Connection properties: {user=sa, password=****}
[2013-07-05 11:14:33] [INFO ] Dialect:130 - HHH000400: Using dialect: org.hibernate.dialect.H2Dialect
[2013-07-05 11:14:33] [INFO ] LobCreatorBuilder:94 - HHH000423: Disabling contextual LOB creation as JDBC driver reported JDBC version [3] less than 4
[2013-07-05 11:14:33] [INFO ] TransactionFactoryInitiator:68 - HHH000399: Using default transaction strategy (direct JDBC transactions)
[2013-07-05 11:14:33] [INFO ] ASTQueryTranslatorFactory:48 - HHH000397: Using ASTQueryTranslatorFactory
[2013-07-05 11:14:33] [INFO ] SchemaExport:343 - HHH000227: Running hbm2ddl schema export
[2013-07-05 11:14:33] [ERROR] SchemaExport:425 - HHH000389: Unsuccessful: alter table QUESTIONS drop constraint FK_ft7bojpo0rx65wm6t22460two
[2013-07-05 11:14:33] [ERROR] SchemaExport:426 - Table "QUESTIONS" not found; SQL statement:
alter table QUESTIONS drop constraint FK_ft7bojpo0rx65wm6t22460two [42102-145]
[2013-07-05 11:14:33] [ERROR] SchemaExport:425 - HHH000389: Unsuccessful: alter table QUESTIONS drop constraint FK_bl2wjhq5j87ubkqwqb3s5ulb4
[2013-07-05 11:14:33] [ERROR] SchemaExport:426 - Table "QUESTIONS" not found; SQL statement:
alter table QUESTIONS drop constraint FK_bl2wjhq5j87ubkqwqb3s5ulb4 [42102-145]
[2013-07-05 11:14:33] [ERROR] SchemaExport:425 - HHH000389: Unsuccessful: alter table QUESTIONSETS drop constraint FK_1lfsutbenn1e1x5oxtpg9lx6s
[2013-07-05 11:14:33] [ERROR] SchemaExport:426 - Table "QUESTIONSETS" not found; SQL statement:
alter table QUESTIONSETS drop constraint FK_1lfsutbenn1e1x5oxtpg9lx6s [42102-145]
[2013-07-05 11:14:33] [INFO ] SchemaExport:405 - HHH000230: Schema export complete
[2013-07-05 11:14:54] [WARN ] HqlSqlWalker:929 - [DEPRECATION] Encountered positional parameter near line 1, column 41.  Positional parameter are considered deprecated; use named parameters or JPA-style positional parameters instead.
[2013-07-05 11:23:22] [INFO ] ResteasyDeployment:82 - Deploying javax.ws.rs.core.Application: class org.example.SettingWork
[2013-07-05 11:23:22] [INFO ] Version:37 - HCANN000001: Hibernate Commons Annotations {4.0.2.Final}
[2013-07-05 11:23:22] [INFO ] Version:41 - HHH000412: Hibernate Core {4.2.2.Final}
[2013-07-05 11:23:22] [INFO ] Environment:239 - HHH000206: hibernate.properties not found
[2013-07-05 11:23:22] [INFO ] Environment:342 - HHH000021: Bytecode provider name : javassist
[2013-07-05 11:23:22] [INFO ] Configuration:1985 - HHH000043: Configuring from resource: /hibernate.cfg.xml
[2013-07-05 11:23:22] [INFO ] Configuration:2004 - HHH000040: Configuration resource: /hibernate.cfg.xml
[2013-07-05 11:23:22] [INFO ] Configuration:2126 - HHH000041: Configured SessionFactory: null
[2013-07-05 11:23:22] [INFO ] DriverManagerConnectionProviderImpl:98 - HHH000402: Using Hibernate built-in connection pool (not for production use!)
[2013-07-05 11:23:22] [INFO ] DriverManagerConnectionProviderImpl:134 - HHH000115: Hibernate connection pool size: 1
[2013-07-05 11:23:22] [INFO ] DriverManagerConnectionProviderImpl:137 - HHH000006: Autocommit mode: false
[2013-07-05 11:23:22] [INFO ] DriverManagerConnectionProviderImpl:151 - HHH000401: using driver [org.h2.Driver] at URL [jdbc:h2:mem:db1;DB_CLOSE_DELAY=-1;MVCC=TRUE]
[2013-07-05 11:23:22] [INFO ] DriverManagerConnectionProviderImpl:156 - HHH000046: Connection properties: {user=sa, password=****}
[2013-07-05 11:23:22] [INFO ] Dialect:130 - HHH000400: Using dialect: org.hibernate.dialect.H2Dialect
[2013-07-05 11:23:22] [INFO ] LobCreatorBuilder:94 - HHH000423: Disabling contextual LOB creation as JDBC driver reported JDBC version [3] less than 4
[2013-07-05 11:23:22] [INFO ] TransactionFactoryInitiator:68 - HHH000399: Using default transaction strategy (direct JDBC transactions)
[2013-07-05 11:23:22] [INFO ] ASTQueryTranslatorFactory:48 - HHH000397: Using ASTQueryTranslatorFactory
[2013-07-05 11:23:22] [INFO ] SchemaExport:343 - HHH000227: Running hbm2ddl schema export
[2013-07-05 11:23:22] [ERROR] SchemaExport:425 - HHH000389: Unsuccessful: alter table QUESTIONS drop constraint FK_ft7bojpo0rx65wm6t22460two
[2013-07-05 11:23:22] [ERROR] SchemaExport:426 - Table "QUESTIONS" not found; SQL statement:
alter table QUESTIONS drop constraint FK_ft7bojpo0rx65wm6t22460two [42102-145]
[2013-07-05 11:23:22] [ERROR] SchemaExport:425 - HHH000389: Unsuccessful: alter table QUESTIONS drop constraint FK_bl2wjhq5j87ubkqwqb3s5ulb4
[2013-07-05 11:23:22] [ERROR] SchemaExport:426 - Table "QUESTIONS" not found; SQL statement:
alter table QUESTIONS drop constraint FK_bl2wjhq5j87ubkqwqb3s5ulb4 [42102-145]
[2013-07-05 11:23:22] [ERROR] SchemaExport:425 - HHH000389: Unsuccessful: alter table QUESTIONSETS drop constraint FK_1lfsutbenn1e1x5oxtpg9lx6s
[2013-07-05 11:23:22] [ERROR] SchemaExport:426 - Table "QUESTIONSETS" not found; SQL statement:
alter table QUESTIONSETS drop constraint FK_1lfsutbenn1e1x5oxtpg9lx6s [42102-145]
[2013-07-05 11:23:22] [INFO ] SchemaExport:405 - HHH000230: Schema export complete
[2013-07-05 11:24:40] [INFO ] ResteasyDeployment:82 - Deploying javax.ws.rs.core.Application: class org.example.SettingWork
[2013-07-05 11:24:40] [INFO ] Version:37 - HCANN000001: Hibernate Commons Annotations {4.0.2.Final}
[2013-07-05 11:24:40] [INFO ] Version:41 - HHH000412: Hibernate Core {4.2.2.Final}
[2013-07-05 11:24:40] [INFO ] Environment:239 - HHH000206: hibernate.properties not found
[2013-07-05 11:24:40] [INFO ] Environment:342 - HHH000021: Bytecode provider name : javassist
[2013-07-05 11:24:40] [INFO ] Configuration:1985 - HHH000043: Configuring from resource: /hibernate.cfg.xml
[2013-07-05 11:24:40] [INFO ] Configuration:2004 - HHH000040: Configuration resource: /hibernate.cfg.xml
[2013-07-05 11:24:40] [INFO ] Configuration:2126 - HHH000041: Configured SessionFactory: null
[2013-07-05 11:24:40] [INFO ] DriverManagerConnectionProviderImpl:98 - HHH000402: Using Hibernate built-in connection pool (not for production use!)
[2013-07-05 11:24:40] [INFO ] DriverManagerConnectionProviderImpl:134 - HHH000115: Hibernate connection pool size: 1
[2013-07-05 11:24:40] [INFO ] DriverManagerConnectionProviderImpl:137 - HHH000006: Autocommit mode: false
[2013-07-05 11:24:40] [INFO ] DriverManagerConnectionProviderImpl:151 - HHH000401: using driver [org.h2.Driver] at URL [jdbc:h2:mem:db1;DB_CLOSE_DELAY=-1;MVCC=TRUE]
[2013-07-05 11:24:40] [INFO ] DriverManagerConnectionProviderImpl:156 - HHH000046: Connection properties: {user=sa, password=****}
[2013-07-05 11:24:40] [INFO ] Dialect:130 - HHH000400: Using dialect: org.hibernate.dialect.H2Dialect
[2013-07-05 11:24:40] [INFO ] LobCreatorBuilder:94 - HHH000423: Disabling contextual LOB creation as JDBC driver reported JDBC version [3] less than 4
[2013-07-05 11:24:40] [INFO ] TransactionFactoryInitiator:68 - HHH000399: Using default transaction strategy (direct JDBC transactions)
[2013-07-05 11:24:40] [INFO ] ASTQueryTranslatorFactory:48 - HHH000397: Using ASTQueryTranslatorFactory
[2013-07-05 11:24:40] [INFO ] SchemaExport:343 - HHH000227: Running hbm2ddl schema export
[2013-07-05 11:24:40] [ERROR] SchemaExport:425 - HHH000389: Unsuccessful: alter table QUESTIONS drop constraint FK_ft7bojpo0rx65wm6t22460two
[2013-07-05 11:24:40] [ERROR] SchemaExport:426 - Table "QUESTIONS" not found; SQL statement:
alter table QUESTIONS drop constraint FK_ft7bojpo0rx65wm6t22460two [42102-145]
[2013-07-05 11:24:40] [ERROR] SchemaExport:425 - HHH000389: Unsuccessful: alter table QUESTIONS drop constraint FK_bl2wjhq5j87ubkqwqb3s5ulb4
[2013-07-05 11:24:40] [ERROR] SchemaExport:426 - Table "QUESTIONS" not found; SQL statement:
alter table QUESTIONS drop constraint FK_bl2wjhq5j87ubkqwqb3s5ulb4 [42102-145]
[2013-07-05 11:24:40] [ERROR] SchemaExport:425 - HHH000389: Unsuccessful: alter table QUESTIONSETS drop constraint FK_1lfsutbenn1e1x5oxtpg9lx6s
[2013-07-05 11:24:40] [ERROR] SchemaExport:426 - Table "QUESTIONSETS" not found; SQL statement:
alter table QUESTIONSETS drop constraint FK_1lfsutbenn1e1x5oxtpg9lx6s [42102-145]
[2013-07-05 11:24:40] [INFO ] SchemaExport:405 - HHH000230: Schema export complete
[2013-07-05 11:30:18] [INFO ] ResteasyDeployment:82 - Deploying javax.ws.rs.core.Application: class org.example.SettingWork
[2013-07-05 11:30:18] [INFO ] Version:37 - HCANN000001: Hibernate Commons Annotations {4.0.2.Final}
[2013-07-05 11:30:18] [INFO ] Version:41 - HHH000412: Hibernate Core {4.2.2.Final}
[2013-07-05 11:30:18] [INFO ] Environment:239 - HHH000206: hibernate.properties not found
[2013-07-05 11:30:18] [INFO ] Environment:342 - HHH000021: Bytecode provider name : javassist
[2013-07-05 11:30:18] [INFO ] Configuration:1985 - HHH000043: Configuring from resource: /hibernate.cfg.xml
[2013-07-05 11:30:18] [INFO ] Configuration:2004 - HHH000040: Configuration resource: /hibernate.cfg.xml
[2013-07-05 11:30:18] [INFO ] Configuration:2126 - HHH000041: Configured SessionFactory: null
[2013-07-05 11:30:18] [INFO ] DriverManagerConnectionProviderImpl:98 - HHH000402: Using Hibernate built-in connection pool (not for production use!)
[2013-07-05 11:30:18] [INFO ] DriverManagerConnectionProviderImpl:134 - HHH000115: Hibernate connection pool size: 1
[2013-07-05 11:30:18] [INFO ] DriverManagerConnectionProviderImpl:137 - HHH000006: Autocommit mode: false
[2013-07-05 11:30:18] [INFO ] DriverManagerConnectionProviderImpl:151 - HHH000401: using driver [org.h2.Driver] at URL [jdbc:h2:mem:db1;DB_CLOSE_DELAY=-1;MVCC=TRUE]
[2013-07-05 11:30:18] [INFO ] DriverManagerConnectionProviderImpl:156 - HHH000046: Connection properties: {user=sa, password=****}
[2013-07-05 11:30:18] [INFO ] Dialect:130 - HHH000400: Using dialect: org.hibernate.dialect.H2Dialect
[2013-07-05 11:30:18] [INFO ] LobCreatorBuilder:94 - HHH000423: Disabling contextual LOB creation as JDBC driver reported JDBC version [3] less than 4
[2013-07-05 11:30:18] [INFO ] TransactionFactoryInitiator:68 - HHH000399: Using default transaction strategy (direct JDBC transactions)
[2013-07-05 11:30:18] [INFO ] ASTQueryTranslatorFactory:48 - HHH000397: Using ASTQueryTranslatorFactory
[2013-07-05 11:30:18] [INFO ] SchemaExport:343 - HHH000227: Running hbm2ddl schema export
[2013-07-05 11:30:18] [ERROR] SchemaExport:425 - HHH000389: Unsuccessful: alter table QUESTIONS drop constraint FK_ft7bojpo0rx65wm6t22460two
[2013-07-05 11:30:18] [ERROR] SchemaExport:426 - Table "QUESTIONS" not found; SQL statement:
alter table QUESTIONS drop constraint FK_ft7bojpo0rx65wm6t22460two [42102-145]
[2013-07-05 11:30:18] [ERROR] SchemaExport:425 - HHH000389: Unsuccessful: alter table QUESTIONS drop constraint FK_bl2wjhq5j87ubkqwqb3s5ulb4
[2013-07-05 11:30:18] [ERROR] SchemaExport:426 - Table "QUESTIONS" not found; SQL statement:
alter table QUESTIONS drop constraint FK_bl2wjhq5j87ubkqwqb3s5ulb4 [42102-145]
[2013-07-05 11:30:18] [ERROR] SchemaExport:425 - HHH000389: Unsuccessful: alter table QUESTIONSETS drop constraint FK_1lfsutbenn1e1x5oxtpg9lx6s
[2013-07-05 11:30:18] [ERROR] SchemaExport:426 - Table "QUESTIONSETS" not found; SQL statement:
alter table QUESTIONSETS drop constraint FK_1lfsutbenn1e1x5oxtpg9lx6s [42102-145]
[2013-07-05 11:30:18] [INFO ] SchemaExport:405 - HHH000230: Schema export complete
[2013-07-05 11:30:41] [WARN ] HqlSqlWalker:929 - [DEPRECATION] Encountered positional parameter near line 1, column 41.  Positional parameter are considered deprecated; use named parameters or JPA-style positional parameters instead.
[2013-07-05 11:36:28] [INFO ] ResteasyDeployment:82 - Deploying javax.ws.rs.core.Application: class org.example.SettingWork
[2013-07-05 11:36:28] [INFO ] Version:37 - HCANN000001: Hibernate Commons Annotations {4.0.2.Final}
[2013-07-05 11:36:28] [INFO ] Version:41 - HHH000412: Hibernate Core {4.2.2.Final}
[2013-07-05 11:36:28] [INFO ] Environment:239 - HHH000206: hibernate.properties not found
[2013-07-05 11:36:28] [INFO ] Environment:342 - HHH000021: Bytecode provider name : javassist
[2013-07-05 11:36:28] [INFO ] Configuration:1985 - HHH000043: Configuring from resource: /hibernate.cfg.xml
[2013-07-05 11:36:28] [INFO ] Configuration:2004 - HHH000040: Configuration resource: /hibernate.cfg.xml
[2013-07-05 11:36:28] [INFO ] Configuration:2126 - HHH000041: Configured SessionFactory: null
[2013-07-05 11:36:28] [INFO ] DriverManagerConnectionProviderImpl:98 - HHH000402: Using Hibernate built-in connection pool (not for production use!)
[2013-07-05 11:36:28] [INFO ] DriverManagerConnectionProviderImpl:134 - HHH000115: Hibernate connection pool size: 1
[2013-07-05 11:36:28] [INFO ] DriverManagerConnectionProviderImpl:137 - HHH000006: Autocommit mode: false
[2013-07-05 11:36:28] [INFO ] DriverManagerConnectionProviderImpl:151 - HHH000401: using driver [org.h2.Driver] at URL [jdbc:h2:mem:db1;DB_CLOSE_DELAY=-1;MVCC=TRUE]
[2013-07-05 11:36:28] [INFO ] DriverManagerConnectionProviderImpl:156 - HHH000046: Connection properties: {user=sa, password=****}
[2013-07-05 11:36:29] [INFO ] Dialect:130 - HHH000400: Using dialect: org.hibernate.dialect.H2Dialect
[2013-07-05 11:36:29] [INFO ] LobCreatorBuilder:94 - HHH000423: Disabling contextual LOB creation as JDBC driver reported JDBC version [3] less than 4
[2013-07-05 11:36:29] [INFO ] TransactionFactoryInitiator:68 - HHH000399: Using default transaction strategy (direct JDBC transactions)
[2013-07-05 11:36:29] [INFO ] ASTQueryTranslatorFactory:48 - HHH000397: Using ASTQueryTranslatorFactory
[2013-07-05 11:36:29] [INFO ] SchemaExport:343 - HHH000227: Running hbm2ddl schema export
[2013-07-05 11:36:29] [ERROR] SchemaExport:425 - HHH000389: Unsuccessful: alter table QUESTIONS drop constraint FK_ft7bojpo0rx65wm6t22460two
[2013-07-05 11:36:29] [ERROR] SchemaExport:426 - Table "QUESTIONS" not found; SQL statement:
alter table QUESTIONS drop constraint FK_ft7bojpo0rx65wm6t22460two [42102-145]
[2013-07-05 11:36:29] [ERROR] SchemaExport:425 - HHH000389: Unsuccessful: alter table QUESTIONS drop constraint FK_bl2wjhq5j87ubkqwqb3s5ulb4
[2013-07-05 11:36:29] [ERROR] SchemaExport:426 - Table "QUESTIONS" not found; SQL statement:
alter table QUESTIONS drop constraint FK_bl2wjhq5j87ubkqwqb3s5ulb4 [42102-145]
[2013-07-05 11:36:29] [ERROR] SchemaExport:425 - HHH000389: Unsuccessful: alter table QUESTIONSETS drop constraint FK_1lfsutbenn1e1x5oxtpg9lx6s
[2013-07-05 11:36:29] [ERROR] SchemaExport:426 - Table "QUESTIONSETS" not found; SQL statement:
alter table QUESTIONSETS drop constraint FK_1lfsutbenn1e1x5oxtpg9lx6s [42102-145]
[2013-07-05 11:36:29] [INFO ] SchemaExport:405 - HHH000230: Schema export complete
[2013-07-05 11:43:31] [WARN ] HqlSqlWalker:929 - [DEPRECATION] Encountered positional parameter near line 1, column 41.  Positional parameter are considered deprecated; use named parameters or JPA-style positional parameters instead.
[2013-07-05 11:48:06] [INFO ] ResteasyDeployment:82 - Deploying javax.ws.rs.core.Application: class org.example.SettingWork
[2013-07-05 11:48:06] [INFO ] Version:37 - HCANN000001: Hibernate Commons Annotations {4.0.2.Final}
[2013-07-05 11:48:06] [INFO ] Version:41 - HHH000412: Hibernate Core {4.2.2.Final}
[2013-07-05 11:48:06] [INFO ] Environment:239 - HHH000206: hibernate.properties not found
[2013-07-05 11:48:06] [INFO ] Environment:342 - HHH000021: Bytecode provider name : javassist
[2013-07-05 11:48:06] [INFO ] Configuration:1985 - HHH000043: Configuring from resource: /hibernate.cfg.xml
[2013-07-05 11:48:06] [INFO ] Configuration:2004 - HHH000040: Configuration resource: /hibernate.cfg.xml
[2013-07-05 11:48:06] [INFO ] Configuration:2126 - HHH000041: Configured SessionFactory: null
[2013-07-05 11:48:07] [INFO ] DriverManagerConnectionProviderImpl:98 - HHH000402: Using Hibernate built-in connection pool (not for production use!)
[2013-07-05 11:48:07] [INFO ] DriverManagerConnectionProviderImpl:134 - HHH000115: Hibernate connection pool size: 1
[2013-07-05 11:48:07] [INFO ] DriverManagerConnectionProviderImpl:137 - HHH000006: Autocommit mode: false
[2013-07-05 11:48:07] [INFO ] DriverManagerConnectionProviderImpl:151 - HHH000401: using driver [org.h2.Driver] at URL [jdbc:h2:mem:db1;DB_CLOSE_DELAY=-1;MVCC=TRUE]
[2013-07-05 11:48:07] [INFO ] DriverManagerConnectionProviderImpl:156 - HHH000046: Connection properties: {user=sa, password=****}
[2013-07-05 11:48:07] [INFO ] Dialect:130 - HHH000400: Using dialect: org.hibernate.dialect.H2Dialect
[2013-07-05 11:48:07] [INFO ] LobCreatorBuilder:94 - HHH000423: Disabling contextual LOB creation as JDBC driver reported JDBC version [3] less than 4
[2013-07-05 11:48:07] [INFO ] TransactionFactoryInitiator:68 - HHH000399: Using default transaction strategy (direct JDBC transactions)
[2013-07-05 11:48:07] [INFO ] ASTQueryTranslatorFactory:48 - HHH000397: Using ASTQueryTranslatorFactory
[2013-07-05 11:48:07] [INFO ] SchemaExport:343 - HHH000227: Running hbm2ddl schema export
[2013-07-05 11:48:07] [ERROR] SchemaExport:425 - HHH000389: Unsuccessful: alter table QUESTIONS drop constraint FK_ft7bojpo0rx65wm6t22460two
[2013-07-05 11:48:07] [ERROR] SchemaExport:426 - Table "QUESTIONS" not found; SQL statement:
alter table QUESTIONS drop constraint FK_ft7bojpo0rx65wm6t22460two [42102-145]
[2013-07-05 11:48:07] [ERROR] SchemaExport:425 - HHH000389: Unsuccessful: alter table QUESTIONS drop constraint FK_bl2wjhq5j87ubkqwqb3s5ulb4
[2013-07-05 11:48:07] [ERROR] SchemaExport:426 - Table "QUESTIONS" not found; SQL statement:
alter table QUESTIONS drop constraint FK_bl2wjhq5j87ubkqwqb3s5ulb4 [42102-145]
[2013-07-05 11:48:07] [ERROR] SchemaExport:425 - HHH000389: Unsuccessful: alter table QUESTIONSETS drop constraint FK_1lfsutbenn1e1x5oxtpg9lx6s
[2013-07-05 11:48:07] [ERROR] SchemaExport:426 - Table "QUESTIONSETS" not found; SQL statement:
alter table QUESTIONSETS drop constraint FK_1lfsutbenn1e1x5oxtpg9lx6s [42102-145]
[2013-07-05 11:48:07] [INFO ] SchemaExport:405 - HHH000230: Schema export complete
[2013-07-05 11:48:16] [WARN ] HqlSqlWalker:929 - [DEPRECATION] Encountered positional parameter near line 1, column 41.  Positional parameter are considered deprecated; use named parameters or JPA-style positional parameters instead.
[2013-07-05 11:50:39] [INFO ] ResteasyDeployment:82 - Deploying javax.ws.rs.core.Application: class org.example.SettingWork
[2013-07-05 11:50:39] [INFO ] Version:37 - HCANN000001: Hibernate Commons Annotations {4.0.2.Final}
[2013-07-05 11:50:39] [INFO ] Version:41 - HHH000412: Hibernate Core {4.2.2.Final}
[2013-07-05 11:50:39] [INFO ] Environment:239 - HHH000206: hibernate.properties not found
[2013-07-05 11:50:39] [INFO ] Environment:342 - HHH000021: Bytecode provider name : javassist
[2013-07-05 11:50:39] [INFO ] Configuration:1985 - HHH000043: Configuring from resource: /hibernate.cfg.xml
[2013-07-05 11:50:39] [INFO ] Configuration:2004 - HHH000040: Configuration resource: /hibernate.cfg.xml
[2013-07-05 11:50:39] [INFO ] Configuration:2126 - HHH000041: Configured SessionFactory: null
[2013-07-05 11:50:39] [INFO ] DriverManagerConnectionProviderImpl:98 - HHH000402: Using Hibernate built-in connection pool (not for production use!)
[2013-07-05 11:50:39] [INFO ] DriverManagerConnectionProviderImpl:134 - HHH000115: Hibernate connection pool size: 1
[2013-07-05 11:50:39] [INFO ] DriverManagerConnectionProviderImpl:137 - HHH000006: Autocommit mode: false
[2013-07-05 11:50:39] [INFO ] DriverManagerConnectionProviderImpl:151 - HHH000401: using driver [org.h2.Driver] at URL [jdbc:h2:mem:db1;DB_CLOSE_DELAY=-1;MVCC=TRUE]
[2013-07-05 11:50:39] [INFO ] DriverManagerConnectionProviderImpl:156 - HHH000046: Connection properties: {user=sa, password=****}
[2013-07-05 11:50:39] [INFO ] Dialect:130 - HHH000400: Using dialect: org.hibernate.dialect.H2Dialect
[2013-07-05 11:50:39] [INFO ] LobCreatorBuilder:94 - HHH000423: Disabling contextual LOB creation as JDBC driver reported JDBC version [3] less than 4
[2013-07-05 11:50:39] [INFO ] TransactionFactoryInitiator:68 - HHH000399: Using default transaction strategy (direct JDBC transactions)
[2013-07-05 11:50:39] [INFO ] ASTQueryTranslatorFactory:48 - HHH000397: Using ASTQueryTranslatorFactory
[2013-07-05 11:50:39] [INFO ] SchemaExport:343 - HHH000227: Running hbm2ddl schema export
[2013-07-05 11:50:39] [ERROR] SchemaExport:425 - HHH000389: Unsuccessful: alter table QUESTIONS drop constraint FK_ft7bojpo0rx65wm6t22460two
[2013-07-05 11:50:39] [ERROR] SchemaExport:426 - Table "QUESTIONS" not found; SQL statement:
alter table QUESTIONS drop constraint FK_ft7bojpo0rx65wm6t22460two [42102-145]
[2013-07-05 11:50:39] [ERROR] SchemaExport:425 - HHH000389: Unsuccessful: alter table QUESTIONS drop constraint FK_bl2wjhq5j87ubkqwqb3s5ulb4
[2013-07-05 11:50:39] [ERROR] SchemaExport:426 - Table "QUESTIONS" not found; SQL statement:
alter table QUESTIONS drop constraint FK_bl2wjhq5j87ubkqwqb3s5ulb4 [42102-145]
[2013-07-05 11:50:39] [ERROR] SchemaExport:425 - HHH000389: Unsuccessful: alter table QUESTIONSETS drop constraint FK_1lfsutbenn1e1x5oxtpg9lx6s
[2013-07-05 11:50:39] [ERROR] SchemaExport:426 - Table "QUESTIONSETS" not found; SQL statement:
alter table QUESTIONSETS drop constraint FK_1lfsutbenn1e1x5oxtpg9lx6s [42102-145]
[2013-07-05 11:50:39] [INFO ] SchemaExport:405 - HHH000230: Schema export complete
[2013-07-05 11:50:50] [WARN ] HqlSqlWalker:929 - [DEPRECATION] Encountered positional parameter near line 1, column 41.  Positional parameter are considered deprecated; use named parameters or JPA-style positional parameters instead.
[2013-07-05 11:52:57] [INFO ] ResteasyDeployment:82 - Deploying javax.ws.rs.core.Application: class org.example.SettingWork
[2013-07-05 11:52:57] [INFO ] Version:37 - HCANN000001: Hibernate Commons Annotations {4.0.2.Final}
[2013-07-05 11:52:57] [INFO ] Version:41 - HHH000412: Hibernate Core {4.2.2.Final}
[2013-07-05 11:52:57] [INFO ] Environment:239 - HHH000206: hibernate.properties not found
[2013-07-05 11:52:57] [INFO ] Environment:342 - HHH000021: Bytecode provider name : javassist
[2013-07-05 11:52:57] [INFO ] Configuration:1985 - HHH000043: Configuring from resource: /hibernate.cfg.xml
[2013-07-05 11:52:57] [INFO ] Configuration:2004 - HHH000040: Configuration resource: /hibernate.cfg.xml
[2013-07-05 11:52:58] [INFO ] Configuration:2126 - HHH000041: Configured SessionFactory: null
[2013-07-05 11:52:58] [INFO ] DriverManagerConnectionProviderImpl:98 - HHH000402: Using Hibernate built-in connection pool (not for production use!)
[2013-07-05 11:52:58] [INFO ] DriverManagerConnectionProviderImpl:134 - HHH000115: Hibernate connection pool size: 1
[2013-07-05 11:52:58] [INFO ] DriverManagerConnectionProviderImpl:137 - HHH000006: Autocommit mode: false
[2013-07-05 11:52:58] [INFO ] DriverManagerConnectionProviderImpl:151 - HHH000401: using driver [org.h2.Driver] at URL [jdbc:h2:mem:db1;DB_CLOSE_DELAY=-1;MVCC=TRUE]
[2013-07-05 11:52:58] [INFO ] DriverManagerConnectionProviderImpl:156 - HHH000046: Connection properties: {user=sa, password=****}
[2013-07-05 11:52:58] [INFO ] Dialect:130 - HHH000400: Using dialect: org.hibernate.dialect.H2Dialect
[2013-07-05 11:52:58] [INFO ] LobCreatorBuilder:94 - HHH000423: Disabling contextual LOB creation as JDBC driver reported JDBC version [3] less than 4
[2013-07-05 11:52:58] [INFO ] TransactionFactoryInitiator:68 - HHH000399: Using default transaction strategy (direct JDBC transactions)
[2013-07-05 11:52:58] [INFO ] ASTQueryTranslatorFactory:48 - HHH000397: Using ASTQueryTranslatorFactory
[2013-07-05 11:52:58] [INFO ] SchemaExport:343 - HHH000227: Running hbm2ddl schema export
[2013-07-05 11:52:58] [ERROR] SchemaExport:425 - HHH000389: Unsuccessful: alter table QUESTIONS drop constraint FK_ft7bojpo0rx65wm6t22460two
[2013-07-05 11:52:58] [ERROR] SchemaExport:426 - Table "QUESTIONS" not found; SQL statement:
alter table QUESTIONS drop constraint FK_ft7bojpo0rx65wm6t22460two [42102-145]
[2013-07-05 11:52:58] [ERROR] SchemaExport:425 - HHH000389: Unsuccessful: alter table QUESTIONS drop constraint FK_bl2wjhq5j87ubkqwqb3s5ulb4
[2013-07-05 11:52:58] [ERROR] SchemaExport:426 - Table "QUESTIONS" not found; SQL statement:
alter table QUESTIONS drop constraint FK_bl2wjhq5j87ubkqwqb3s5ulb4 [42102-145]
[2013-07-05 11:52:58] [ERROR] SchemaExport:425 - HHH000389: Unsuccessful: alter table QUESTIONSETS drop constraint FK_1lfsutbenn1e1x5oxtpg9lx6s
[2013-07-05 11:52:58] [ERROR] SchemaExport:426 - Table "QUESTIONSETS" not found; SQL statement:
alter table QUESTIONSETS drop constraint FK_1lfsutbenn1e1x5oxtpg9lx6s [42102-145]
[2013-07-05 11:52:58] [INFO ] SchemaExport:405 - HHH000230: Schema export complete
[2013-07-05 11:53:09] [INFO ] UserEditController:53 - Trying to add user mrx12...
[2013-07-05 11:53:09] [WARN ] HqlSqlWalker:929 - [DEPRECATION] Encountered positional parameter near line 1, column 41.  Positional parameter are considered deprecated; use named parameters or JPA-style positional parameters instead.
[2013-07-05 11:53:09] [INFO ] UserEditController:74 - Successfully added user mrx12
[2013-07-06 12:47:10] [INFO ] ResteasyDeployment:82 - Deploying javax.ws.rs.core.Application: class org.example.SettingWork
[2013-07-06 12:47:11] [INFO ] Version:37 - HCANN000001: Hibernate Commons Annotations {4.0.2.Final}
[2013-07-06 12:47:11] [INFO ] Version:41 - HHH000412: Hibernate Core {4.2.2.Final}
[2013-07-06 12:47:11] [INFO ] Environment:239 - HHH000206: hibernate.properties not found
[2013-07-06 12:47:11] [INFO ] Environment:342 - HHH000021: Bytecode provider name : javassist
[2013-07-06 12:47:11] [INFO ] Configuration:1985 - HHH000043: Configuring from resource: /hibernate.cfg.xml
[2013-07-06 12:47:11] [INFO ] Configuration:2004 - HHH000040: Configuration resource: /hibernate.cfg.xml
[2013-07-06 12:47:11] [INFO ] Configuration:2126 - HHH000041: Configured SessionFactory: null
[2013-07-06 12:47:11] [INFO ] DriverManagerConnectionProviderImpl:98 - HHH000402: Using Hibernate built-in connection pool (not for production use!)
[2013-07-06 12:47:11] [INFO ] DriverManagerConnectionProviderImpl:134 - HHH000115: Hibernate connection pool size: 1
[2013-07-06 12:47:11] [INFO ] DriverManagerConnectionProviderImpl:137 - HHH000006: Autocommit mode: false
[2013-07-06 12:47:11] [INFO ] DriverManagerConnectionProviderImpl:151 - HHH000401: using driver [org.h2.Driver] at URL [jdbc:h2:mem:db1;DB_CLOSE_DELAY=-1;MVCC=TRUE]
[2013-07-06 12:47:11] [INFO ] DriverManagerConnectionProviderImpl:156 - HHH000046: Connection properties: {user=sa, password=****}
[2013-07-06 12:47:11] [INFO ] Dialect:130 - HHH000400: Using dialect: org.hibernate.dialect.H2Dialect
[2013-07-06 12:47:11] [INFO ] LobCreatorBuilder:94 - HHH000423: Disabling contextual LOB creation as JDBC driver reported JDBC version [3] less than 4
[2013-07-06 12:47:11] [INFO ] TransactionFactoryInitiator:68 - HHH000399: Using default transaction strategy (direct JDBC transactions)
[2013-07-06 12:47:11] [INFO ] ASTQueryTranslatorFactory:48 - HHH000397: Using ASTQueryTranslatorFactory
[2013-07-06 12:47:12] [INFO ] SchemaExport:343 - HHH000227: Running hbm2ddl schema export
[2013-07-06 12:47:12] [ERROR] SchemaExport:425 - HHH000389: Unsuccessful: alter table QUESTIONS drop constraint FK_ft7bojpo0rx65wm6t22460two
[2013-07-06 12:47:12] [ERROR] SchemaExport:426 - Table "QUESTIONS" not found; SQL statement:
alter table QUESTIONS drop constraint FK_ft7bojpo0rx65wm6t22460two [42102-145]
[2013-07-06 12:47:12] [ERROR] SchemaExport:425 - HHH000389: Unsuccessful: alter table QUESTIONS drop constraint FK_bl2wjhq5j87ubkqwqb3s5ulb4
[2013-07-06 12:47:12] [ERROR] SchemaExport:426 - Table "QUESTIONS" not found; SQL statement:
alter table QUESTIONS drop constraint FK_bl2wjhq5j87ubkqwqb3s5ulb4 [42102-145]
[2013-07-06 12:47:12] [ERROR] SchemaExport:425 - HHH000389: Unsuccessful: alter table QUESTIONSETS drop constraint FK_1lfsutbenn1e1x5oxtpg9lx6s
[2013-07-06 12:47:12] [ERROR] SchemaExport:426 - Table "QUESTIONSETS" not found; SQL statement:
alter table QUESTIONSETS drop constraint FK_1lfsutbenn1e1x5oxtpg9lx6s [42102-145]
[2013-07-06 12:47:12] [INFO ] SchemaExport:405 - HHH000230: Schema export complete
[2013-07-06 12:47:32] [INFO ] UserEditController:53 - Trying to add user bobby...
[2013-07-06 12:47:32] [WARN ] HqlSqlWalker:929 - [DEPRECATION] Encountered positional parameter near line 1, column 41.  Positional parameter are considered deprecated; use named parameters or JPA-style positional parameters instead.
[2013-07-06 12:47:32] [INFO ] UserEditController:74 - Successfully added user bobby
[2013-07-06 12:47:46] [INFO ] UserEditController:53 - Trying to add user bbb12...
[2013-07-06 12:47:46] [ERROR] UserEditController:64 - Couldn't add user bbb12. User already exists.
[2013-07-06 13:00:25] [INFO ] UserEditController:53 - Trying to add user bbb12...
[2013-07-06 13:00:25] [ERROR] UserEditController:64 - Couldn't add user bbb12. User already exists.
[2013-07-06 13:09:53] [INFO ] ResteasyDeployment:82 - Deploying javax.ws.rs.core.Application: class org.example.SettingWork
[2013-07-06 13:09:53] [INFO ] Version:37 - HCANN000001: Hibernate Commons Annotations {4.0.2.Final}
[2013-07-06 13:09:53] [INFO ] Version:41 - HHH000412: Hibernate Core {4.2.2.Final}
[2013-07-06 13:09:53] [INFO ] Environment:239 - HHH000206: hibernate.properties not found
[2013-07-06 13:09:53] [INFO ] Environment:342 - HHH000021: Bytecode provider name : javassist
[2013-07-06 13:09:53] [INFO ] Configuration:1985 - HHH000043: Configuring from resource: /hibernate.cfg.xml
[2013-07-06 13:09:53] [INFO ] Configuration:2004 - HHH000040: Configuration resource: /hibernate.cfg.xml
[2013-07-06 13:09:53] [INFO ] Configuration:2126 - HHH000041: Configured SessionFactory: null
[2013-07-06 13:09:54] [INFO ] DriverManagerConnectionProviderImpl:98 - HHH000402: Using Hibernate built-in connection pool (not for production use!)
[2013-07-06 13:09:54] [INFO ] DriverManagerConnectionProviderImpl:134 - HHH000115: Hibernate connection pool size: 1
[2013-07-06 13:09:54] [INFO ] DriverManagerConnectionProviderImpl:137 - HHH000006: Autocommit mode: false
[2013-07-06 13:09:54] [INFO ] DriverManagerConnectionProviderImpl:151 - HHH000401: using driver [org.h2.Driver] at URL [jdbc:h2:mem:db1;DB_CLOSE_DELAY=-1;MVCC=TRUE]
[2013-07-06 13:09:54] [INFO ] DriverManagerConnectionProviderImpl:156 - HHH000046: Connection properties: {user=sa, password=****}
[2013-07-06 13:09:54] [INFO ] Dialect:130 - HHH000400: Using dialect: org.hibernate.dialect.H2Dialect
[2013-07-06 13:09:54] [INFO ] LobCreatorBuilder:94 - HHH000423: Disabling contextual LOB creation as JDBC driver reported JDBC version [3] less than 4
[2013-07-06 13:09:54] [INFO ] TransactionFactoryInitiator:68 - HHH000399: Using default transaction strategy (direct JDBC transactions)
[2013-07-06 13:09:54] [INFO ] ASTQueryTranslatorFactory:48 - HHH000397: Using ASTQueryTranslatorFactory
[2013-07-06 13:09:54] [INFO ] SchemaExport:343 - HHH000227: Running hbm2ddl schema export
[2013-07-06 13:09:54] [ERROR] SchemaExport:425 - HHH000389: Unsuccessful: alter table QUESTIONS drop constraint FK_ft7bojpo0rx65wm6t22460two
[2013-07-06 13:09:54] [ERROR] SchemaExport:426 - Table "QUESTIONS" not found; SQL statement:
alter table QUESTIONS drop constraint FK_ft7bojpo0rx65wm6t22460two [42102-145]
[2013-07-06 13:09:54] [ERROR] SchemaExport:425 - HHH000389: Unsuccessful: alter table QUESTIONS drop constraint FK_bl2wjhq5j87ubkqwqb3s5ulb4
[2013-07-06 13:09:54] [ERROR] SchemaExport:426 - Table "QUESTIONS" not found; SQL statement:
alter table QUESTIONS drop constraint FK_bl2wjhq5j87ubkqwqb3s5ulb4 [42102-145]
[2013-07-06 13:09:54] [ERROR] SchemaExport:425 - HHH000389: Unsuccessful: alter table QUESTIONSETS drop constraint FK_1lfsutbenn1e1x5oxtpg9lx6s
[2013-07-06 13:09:54] [ERROR] SchemaExport:426 - Table "QUESTIONSETS" not found; SQL statement:
alter table QUESTIONSETS drop constraint FK_1lfsutbenn1e1x5oxtpg9lx6s [42102-145]
[2013-07-06 13:09:54] [INFO ] SchemaExport:405 - HHH000230: Schema export complete
[2013-07-06 13:10:52] [INFO ] ResteasyDeployment:82 - Deploying javax.ws.rs.core.Application: class org.example.SettingWork
[2013-07-06 13:10:52] [INFO ] Version:37 - HCANN000001: Hibernate Commons Annotations {4.0.2.Final}
[2013-07-06 13:10:52] [INFO ] Version:41 - HHH000412: Hibernate Core {4.2.2.Final}
[2013-07-06 13:10:52] [INFO ] Environment:239 - HHH000206: hibernate.properties not found
[2013-07-06 13:10:52] [INFO ] Environment:342 - HHH000021: Bytecode provider name : javassist
[2013-07-06 13:10:52] [INFO ] Configuration:1985 - HHH000043: Configuring from resource: /hibernate.cfg.xml
[2013-07-06 13:10:52] [INFO ] Configuration:2004 - HHH000040: Configuration resource: /hibernate.cfg.xml
[2013-07-06 13:10:52] [INFO ] Configuration:2126 - HHH000041: Configured SessionFactory: null
[2013-07-06 13:10:52] [INFO ] DriverManagerConnectionProviderImpl:98 - HHH000402: Using Hibernate built-in connection pool (not for production use!)
[2013-07-06 13:10:52] [INFO ] DriverManagerConnectionProviderImpl:134 - HHH000115: Hibernate connection pool size: 1
[2013-07-06 13:10:52] [INFO ] DriverManagerConnectionProviderImpl:137 - HHH000006: Autocommit mode: false
[2013-07-06 13:10:52] [INFO ] DriverManagerConnectionProviderImpl:151 - HHH000401: using driver [org.h2.Driver] at URL [jdbc:h2:mem:db1;DB_CLOSE_DELAY=-1;MVCC=TRUE]
[2013-07-06 13:10:52] [INFO ] DriverManagerConnectionProviderImpl:156 - HHH000046: Connection properties: {user=sa, password=****}
[2013-07-06 13:10:53] [INFO ] Dialect:130 - HHH000400: Using dialect: org.hibernate.dialect.H2Dialect
[2013-07-06 13:10:53] [INFO ] LobCreatorBuilder:94 - HHH000423: Disabling contextual LOB creation as JDBC driver reported JDBC version [3] less than 4
[2013-07-06 13:10:53] [INFO ] TransactionFactoryInitiator:68 - HHH000399: Using default transaction strategy (direct JDBC transactions)
[2013-07-06 13:10:53] [INFO ] ASTQueryTranslatorFactory:48 - HHH000397: Using ASTQueryTranslatorFactory
[2013-07-06 13:10:53] [INFO ] SchemaExport:343 - HHH000227: Running hbm2ddl schema export
[2013-07-06 13:10:53] [ERROR] SchemaExport:425 - HHH000389: Unsuccessful: alter table QUESTIONS drop constraint FK_ft7bojpo0rx65wm6t22460two
[2013-07-06 13:10:53] [ERROR] SchemaExport:426 - Table "QUESTIONS" not found; SQL statement:
alter table QUESTIONS drop constraint FK_ft7bojpo0rx65wm6t22460two [42102-145]
[2013-07-06 13:10:53] [ERROR] SchemaExport:425 - HHH000389: Unsuccessful: alter table QUESTIONS drop constraint FK_bl2wjhq5j87ubkqwqb3s5ulb4
[2013-07-06 13:10:53] [ERROR] SchemaExport:426 - Table "QUESTIONS" not found; SQL statement:
alter table QUESTIONS drop constraint FK_bl2wjhq5j87ubkqwqb3s5ulb4 [42102-145]
[2013-07-06 13:10:53] [ERROR] SchemaExport:425 - HHH000389: Unsuccessful: alter table QUESTIONSETS drop constraint FK_1lfsutbenn1e1x5oxtpg9lx6s
[2013-07-06 13:10:53] [ERROR] SchemaExport:426 - Table "QUESTIONSETS" not found; SQL statement:
alter table QUESTIONSETS drop constraint FK_1lfsutbenn1e1x5oxtpg9lx6s [42102-145]
[2013-07-06 13:10:53] [INFO ] SchemaExport:405 - HHH000230: Schema export complete
[2013-07-06 13:17:41] [INFO ] ResteasyDeployment:82 - Deploying javax.ws.rs.core.Application: class org.example.SettingWork
[2013-07-06 13:17:41] [INFO ] Version:37 - HCANN000001: Hibernate Commons Annotations {4.0.2.Final}
[2013-07-06 13:17:41] [INFO ] Version:41 - HHH000412: Hibernate Core {4.2.2.Final}
[2013-07-06 13:17:42] [INFO ] Environment:239 - HHH000206: hibernate.properties not found
[2013-07-06 13:17:42] [INFO ] Environment:342 - HHH000021: Bytecode provider name : javassist
[2013-07-06 13:17:42] [INFO ] Configuration:1985 - HHH000043: Configuring from resource: /hibernate.cfg.xml
[2013-07-06 13:17:42] [INFO ] Configuration:2004 - HHH000040: Configuration resource: /hibernate.cfg.xml
[2013-07-06 13:17:42] [INFO ] Configuration:2126 - HHH000041: Configured SessionFactory: null
[2013-07-06 13:17:42] [INFO ] DriverManagerConnectionProviderImpl:98 - HHH000402: Using Hibernate built-in connection pool (not for production use!)
[2013-07-06 13:17:42] [INFO ] DriverManagerConnectionProviderImpl:134 - HHH000115: Hibernate connection pool size: 1
[2013-07-06 13:17:42] [INFO ] DriverManagerConnectionProviderImpl:137 - HHH000006: Autocommit mode: false
[2013-07-06 13:17:42] [INFO ] DriverManagerConnectionProviderImpl:151 - HHH000401: using driver [org.h2.Driver] at URL [jdbc:h2:mem:db1;DB_CLOSE_DELAY=-1;MVCC=TRUE]
[2013-07-06 13:17:42] [INFO ] DriverManagerConnectionProviderImpl:156 - HHH000046: Connection properties: {user=sa, password=****}
[2013-07-06 13:17:42] [INFO ] Dialect:130 - HHH000400: Using dialect: org.hibernate.dialect.H2Dialect
[2013-07-06 13:17:42] [INFO ] LobCreatorBuilder:94 - HHH000423: Disabling contextual LOB creation as JDBC driver reported JDBC version [3] less than 4
[2013-07-06 13:17:42] [INFO ] TransactionFactoryInitiator:68 - HHH000399: Using default transaction strategy (direct JDBC transactions)
[2013-07-06 13:17:42] [INFO ] ASTQueryTranslatorFactory:48 - HHH000397: Using ASTQueryTranslatorFactory
[2013-07-06 13:17:43] [INFO ] SchemaExport:343 - HHH000227: Running hbm2ddl schema export
[2013-07-06 13:17:43] [ERROR] SchemaExport:425 - HHH000389: Unsuccessful: alter table QUESTIONS drop constraint FK_ft7bojpo0rx65wm6t22460two
[2013-07-06 13:17:43] [ERROR] SchemaExport:426 - Table "QUESTIONS" not found; SQL statement:
alter table QUESTIONS drop constraint FK_ft7bojpo0rx65wm6t22460two [42102-145]
[2013-07-06 13:17:43] [ERROR] SchemaExport:425 - HHH000389: Unsuccessful: alter table QUESTIONS drop constraint FK_bl2wjhq5j87ubkqwqb3s5ulb4
[2013-07-06 13:17:43] [ERROR] SchemaExport:426 - Table "QUESTIONS" not found; SQL statement:
alter table QUESTIONS drop constraint FK_bl2wjhq5j87ubkqwqb3s5ulb4 [42102-145]
[2013-07-06 13:17:43] [ERROR] SchemaExport:425 - HHH000389: Unsuccessful: alter table QUESTIONSETS drop constraint FK_1lfsutbenn1e1x5oxtpg9lx6s
[2013-07-06 13:17:43] [ERROR] SchemaExport:426 - Table "QUESTIONSETS" not found; SQL statement:
alter table QUESTIONSETS drop constraint FK_1lfsutbenn1e1x5oxtpg9lx6s [42102-145]
[2013-07-06 13:17:43] [INFO ] SchemaExport:405 - HHH000230: Schema export complete
[2013-07-06 13:18:01] [INFO ] UserEditController:60 - Trying to add user abc123...
[2013-07-06 13:18:01] [WARN ] HqlSqlWalker:929 - [DEPRECATION] Encountered positional parameter near line 1, column 41.  Positional parameter are considered deprecated; use named parameters or JPA-style positional parameters instead.
[2013-07-06 13:18:01] [INFO ] UserEditController:81 - Successfully added user abc123
[2013-07-06 13:18:18] [INFO ] UserEditController:60 - Trying to add user abc123...
[2013-07-06 13:18:18] [WARN ] UserEditController:71 - Couldn't add user abc123. User already exists.
[2013-07-06 13:19:15] [INFO ] ResteasyDeployment:82 - Deploying javax.ws.rs.core.Application: class org.example.SettingWork
[2013-07-06 13:19:16] [INFO ] Version:37 - HCANN000001: Hibernate Commons Annotations {4.0.2.Final}
[2013-07-06 13:19:16] [INFO ] Version:41 - HHH000412: Hibernate Core {4.2.2.Final}
[2013-07-06 13:19:16] [INFO ] Environment:239 - HHH000206: hibernate.properties not found
[2013-07-06 13:19:16] [INFO ] Environment:342 - HHH000021: Bytecode provider name : javassist
[2013-07-06 13:19:16] [INFO ] Configuration:1985 - HHH000043: Configuring from resource: /hibernate.cfg.xml
[2013-07-06 13:19:16] [INFO ] Configuration:2004 - HHH000040: Configuration resource: /hibernate.cfg.xml
[2013-07-06 13:19:16] [INFO ] Configuration:2126 - HHH000041: Configured SessionFactory: null
[2013-07-06 13:19:16] [INFO ] DriverManagerConnectionProviderImpl:98 - HHH000402: Using Hibernate built-in connection pool (not for production use!)
[2013-07-06 13:19:16] [INFO ] DriverManagerConnectionProviderImpl:134 - HHH000115: Hibernate connection pool size: 1
[2013-07-06 13:19:16] [INFO ] DriverManagerConnectionProviderImpl:137 - HHH000006: Autocommit mode: false
[2013-07-06 13:19:16] [INFO ] DriverManagerConnectionProviderImpl:151 - HHH000401: using driver [org.h2.Driver] at URL [jdbc:h2:mem:db1;DB_CLOSE_DELAY=-1;MVCC=TRUE]
[2013-07-06 13:19:16] [INFO ] DriverManagerConnectionProviderImpl:156 - HHH000046: Connection properties: {user=sa, password=****}
[2013-07-06 13:19:16] [INFO ] Dialect:130 - HHH000400: Using dialect: org.hibernate.dialect.H2Dialect
[2013-07-06 13:19:16] [INFO ] LobCreatorBuilder:94 - HHH000423: Disabling contextual LOB creation as JDBC driver reported JDBC version [3] less than 4
[2013-07-06 13:19:16] [INFO ] TransactionFactoryInitiator:68 - HHH000399: Using default transaction strategy (direct JDBC transactions)
[2013-07-06 13:19:16] [INFO ] ASTQueryTranslatorFactory:48 - HHH000397: Using ASTQueryTranslatorFactory
[2013-07-06 13:19:17] [INFO ] SchemaExport:343 - HHH000227: Running hbm2ddl schema export
[2013-07-06 13:19:17] [ERROR] SchemaExport:425 - HHH000389: Unsuccessful: alter table QUESTIONS drop constraint FK_ft7bojpo0rx65wm6t22460two
[2013-07-06 13:19:17] [ERROR] SchemaExport:426 - Table "QUESTIONS" not found; SQL statement:
alter table QUESTIONS drop constraint FK_ft7bojpo0rx65wm6t22460two [42102-145]
[2013-07-06 13:19:17] [ERROR] SchemaExport:425 - HHH000389: Unsuccessful: alter table QUESTIONS drop constraint FK_bl2wjhq5j87ubkqwqb3s5ulb4
[2013-07-06 13:19:17] [ERROR] SchemaExport:426 - Table "QUESTIONS" not found; SQL statement:
alter table QUESTIONS drop constraint FK_bl2wjhq5j87ubkqwqb3s5ulb4 [42102-145]
[2013-07-06 13:19:17] [ERROR] SchemaExport:425 - HHH000389: Unsuccessful: alter table QUESTIONSETS drop constraint FK_1lfsutbenn1e1x5oxtpg9lx6s
[2013-07-06 13:19:17] [ERROR] SchemaExport:426 - Table "QUESTIONSETS" not found; SQL statement:
alter table QUESTIONSETS drop constraint FK_1lfsutbenn1e1x5oxtpg9lx6s [42102-145]
[2013-07-06 13:19:17] [INFO ] SchemaExport:405 - HHH000230: Schema export complete
[2013-07-06 13:20:21] [WARN ] HqlSqlWalker:929 - [DEPRECATION] Encountered positional parameter near line 1, column 41.  Positional parameter are considered deprecated; use named parameters or JPA-style positional parameters instead.
[2013-07-06 13:20:25] [WARN ] HqlSqlWalker:929 - [DEPRECATION] Encountered positional parameter near line 1, column 51.  Positional parameter are considered deprecated; use named parameters or JPA-style positional parameters instead.
[2013-07-06 13:20:26] [WARN ] HqlSqlWalker:929 - [DEPRECATION] Encountered positional parameter near line 1, column 52.  Positional parameter are considered deprecated; use named parameters or JPA-style positional parameters instead.
[2013-07-06 13:20:27] [WARN ] HqlSqlWalker:929 - [DEPRECATION] Encountered positional parameter near line 1, column 48.  Positional parameter are considered deprecated; use named parameters or JPA-style positional parameters instead.
[2013-07-06 13:24:13] [INFO ] ResteasyDeployment:82 - Deploying javax.ws.rs.core.Application: class org.example.SettingWork
[2013-07-06 13:24:13] [INFO ] Version:37 - HCANN000001: Hibernate Commons Annotations {4.0.2.Final}
[2013-07-06 13:24:13] [INFO ] Version:41 - HHH000412: Hibernate Core {4.2.2.Final}
[2013-07-06 13:24:13] [INFO ] Environment:239 - HHH000206: hibernate.properties not found
[2013-07-06 13:24:13] [INFO ] Environment:342 - HHH000021: Bytecode provider name : javassist
[2013-07-06 13:24:13] [INFO ] Configuration:1985 - HHH000043: Configuring from resource: /hibernate.cfg.xml
[2013-07-06 13:24:13] [INFO ] Configuration:2004 - HHH000040: Configuration resource: /hibernate.cfg.xml
[2013-07-06 13:24:13] [INFO ] Configuration:2126 - HHH000041: Configured SessionFactory: null
[2013-07-06 13:24:13] [INFO ] DriverManagerConnectionProviderImpl:98 - HHH000402: Using Hibernate built-in connection pool (not for production use!)
[2013-07-06 13:24:13] [INFO ] DriverManagerConnectionProviderImpl:134 - HHH000115: Hibernate connection pool size: 1
[2013-07-06 13:24:13] [INFO ] DriverManagerConnectionProviderImpl:137 - HHH000006: Autocommit mode: false
[2013-07-06 13:24:13] [INFO ] DriverManagerConnectionProviderImpl:151 - HHH000401: using driver [org.h2.Driver] at URL [jdbc:h2:mem:db1;DB_CLOSE_DELAY=-1;MVCC=TRUE]
[2013-07-06 13:24:13] [INFO ] DriverManagerConnectionProviderImpl:156 - HHH000046: Connection properties: {user=sa, password=****}
[2013-07-06 13:24:14] [INFO ] Dialect:130 - HHH000400: Using dialect: org.hibernate.dialect.H2Dialect
[2013-07-06 13:24:14] [INFO ] LobCreatorBuilder:94 - HHH000423: Disabling contextual LOB creation as JDBC driver reported JDBC version [3] less than 4
[2013-07-06 13:24:14] [INFO ] TransactionFactoryInitiator:68 - HHH000399: Using default transaction strategy (direct JDBC transactions)
[2013-07-06 13:24:14] [INFO ] ASTQueryTranslatorFactory:48 - HHH000397: Using ASTQueryTranslatorFactory
[2013-07-06 13:24:14] [INFO ] SchemaExport:343 - HHH000227: Running hbm2ddl schema export
[2013-07-06 13:24:14] [ERROR] SchemaExport:425 - HHH000389: Unsuccessful: alter table QUESTIONS drop constraint FK_ft7bojpo0rx65wm6t22460two
[2013-07-06 13:24:14] [ERROR] SchemaExport:426 - Table "QUESTIONS" not found; SQL statement:
alter table QUESTIONS drop constraint FK_ft7bojpo0rx65wm6t22460two [42102-145]
[2013-07-06 13:24:14] [ERROR] SchemaExport:425 - HHH000389: Unsuccessful: alter table QUESTIONS drop constraint FK_bl2wjhq5j87ubkqwqb3s5ulb4
[2013-07-06 13:24:14] [ERROR] SchemaExport:426 - Table "QUESTIONS" not found; SQL statement:
alter table QUESTIONS drop constraint FK_bl2wjhq5j87ubkqwqb3s5ulb4 [42102-145]
[2013-07-06 13:24:14] [ERROR] SchemaExport:425 - HHH000389: Unsuccessful: alter table QUESTIONSETS drop constraint FK_1lfsutbenn1e1x5oxtpg9lx6s
[2013-07-06 13:24:14] [ERROR] SchemaExport:426 - Table "QUESTIONSETS" not found; SQL statement:
alter table QUESTIONSETS drop constraint FK_1lfsutbenn1e1x5oxtpg9lx6s [42102-145]
[2013-07-06 13:24:14] [INFO ] SchemaExport:405 - HHH000230: Schema export complete
[2013-07-06 13:24:25] [INFO ] UserEditController:60 - Trying to add user bbb12...
[2013-07-06 13:24:25] [WARN ] HqlSqlWalker:929 - [DEPRECATION] Encountered positional parameter near line 1, column 41.  Positional parameter are considered deprecated; use named parameters or JPA-style positional parameters instead.
[2013-07-06 13:24:25] [WARN ] UserEditController:71 - Couldn't add user bbb12. User already exists.
[2013-07-06 13:32:43] [INFO ] ResteasyDeployment:82 - Deploying javax.ws.rs.core.Application: class org.example.SettingWork
[2013-07-06 13:32:43] [INFO ] Version:37 - HCANN000001: Hibernate Commons Annotations {4.0.2.Final}
[2013-07-06 13:32:43] [INFO ] Version:41 - HHH000412: Hibernate Core {4.2.2.Final}
[2013-07-06 13:32:43] [INFO ] Environment:239 - HHH000206: hibernate.properties not found
[2013-07-06 13:32:43] [INFO ] Environment:342 - HHH000021: Bytecode provider name : javassist
[2013-07-06 13:32:43] [INFO ] Configuration:1985 - HHH000043: Configuring from resource: /hibernate.cfg.xml
[2013-07-06 13:32:43] [INFO ] Configuration:2004 - HHH000040: Configuration resource: /hibernate.cfg.xml
[2013-07-06 13:32:43] [INFO ] Configuration:2126 - HHH000041: Configured SessionFactory: null
[2013-07-06 13:32:43] [INFO ] DriverManagerConnectionProviderImpl:98 - HHH000402: Using Hibernate built-in connection pool (not for production use!)
[2013-07-06 13:32:43] [INFO ] DriverManagerConnectionProviderImpl:134 - HHH000115: Hibernate connection pool size: 1
[2013-07-06 13:32:43] [INFO ] DriverManagerConnectionProviderImpl:137 - HHH000006: Autocommit mode: false
[2013-07-06 13:32:43] [INFO ] DriverManagerConnectionProviderImpl:151 - HHH000401: using driver [org.h2.Driver] at URL [jdbc:h2:mem:db1;DB_CLOSE_DELAY=-1;MVCC=TRUE]
[2013-07-06 13:32:43] [INFO ] DriverManagerConnectionProviderImpl:156 - HHH000046: Connection properties: {user=sa, password=****}
[2013-07-06 13:32:43] [INFO ] Dialect:130 - HHH000400: Using dialect: org.hibernate.dialect.H2Dialect
[2013-07-06 13:32:43] [INFO ] LobCreatorBuilder:94 - HHH000423: Disabling contextual LOB creation as JDBC driver reported JDBC version [3] less than 4
[2013-07-06 13:32:44] [INFO ] TransactionFactoryInitiator:68 - HHH000399: Using default transaction strategy (direct JDBC transactions)
[2013-07-06 13:32:44] [INFO ] ASTQueryTranslatorFactory:48 - HHH000397: Using ASTQueryTranslatorFactory
[2013-07-06 13:32:44] [INFO ] SchemaExport:343 - HHH000227: Running hbm2ddl schema export
[2013-07-06 13:32:44] [ERROR] SchemaExport:425 - HHH000389: Unsuccessful: alter table QUESTIONS drop constraint FK_ft7bojpo0rx65wm6t22460two
[2013-07-06 13:32:44] [ERROR] SchemaExport:426 - Table "QUESTIONS" not found; SQL statement:
alter table QUESTIONS drop constraint FK_ft7bojpo0rx65wm6t22460two [42102-145]
[2013-07-06 13:32:44] [ERROR] SchemaExport:425 - HHH000389: Unsuccessful: alter table QUESTIONS drop constraint FK_bl2wjhq5j87ubkqwqb3s5ulb4
[2013-07-06 13:32:44] [ERROR] SchemaExport:426 - Table "QUESTIONS" not found; SQL statement:
alter table QUESTIONS drop constraint FK_bl2wjhq5j87ubkqwqb3s5ulb4 [42102-145]
[2013-07-06 13:32:44] [ERROR] SchemaExport:425 - HHH000389: Unsuccessful: alter table QUESTIONSETS drop constraint FK_1lfsutbenn1e1x5oxtpg9lx6s
[2013-07-06 13:32:44] [ERROR] SchemaExport:426 - Table "QUESTIONSETS" not found; SQL statement:
alter table QUESTIONSETS drop constraint FK_1lfsutbenn1e1x5oxtpg9lx6s [42102-145]
[2013-07-06 13:32:44] [INFO ] SchemaExport:405 - HHH000230: Schema export complete
[2013-07-06 13:33:37] [INFO ] ResteasyDeployment:82 - Deploying javax.ws.rs.core.Application: class org.example.SettingWork
[2013-07-06 13:33:37] [INFO ] Version:37 - HCANN000001: Hibernate Commons Annotations {4.0.2.Final}
[2013-07-06 13:33:37] [INFO ] Version:41 - HHH000412: Hibernate Core {4.2.2.Final}
[2013-07-06 13:33:37] [INFO ] Environment:239 - HHH000206: hibernate.properties not found
[2013-07-06 13:33:37] [INFO ] Environment:342 - HHH000021: Bytecode provider name : javassist
[2013-07-06 13:33:37] [INFO ] Configuration:1985 - HHH000043: Configuring from resource: /hibernate.cfg.xml
[2013-07-06 13:33:37] [INFO ] Configuration:2004 - HHH000040: Configuration resource: /hibernate.cfg.xml
[2013-07-06 13:33:37] [INFO ] Configuration:2126 - HHH000041: Configured SessionFactory: null
[2013-07-06 13:33:37] [INFO ] DriverManagerConnectionProviderImpl:98 - HHH000402: Using Hibernate built-in connection pool (not for production use!)
[2013-07-06 13:33:37] [INFO ] DriverManagerConnectionProviderImpl:134 - HHH000115: Hibernate connection pool size: 1
[2013-07-06 13:33:37] [INFO ] DriverManagerConnectionProviderImpl:137 - HHH000006: Autocommit mode: false
[2013-07-06 13:33:37] [INFO ] DriverManagerConnectionProviderImpl:151 - HHH000401: using driver [org.h2.Driver] at URL [jdbc:h2:mem:db1;DB_CLOSE_DELAY=-1;MVCC=TRUE]
[2013-07-06 13:33:37] [INFO ] DriverManagerConnectionProviderImpl:156 - HHH000046: Connection properties: {user=sa, password=****}
[2013-07-06 13:33:37] [INFO ] Dialect:130 - HHH000400: Using dialect: org.hibernate.dialect.H2Dialect
[2013-07-06 13:33:37] [INFO ] LobCreatorBuilder:94 - HHH000423: Disabling contextual LOB creation as JDBC driver reported JDBC version [3] less than 4
[2013-07-06 13:33:38] [INFO ] TransactionFactoryInitiator:68 - HHH000399: Using default transaction strategy (direct JDBC transactions)
[2013-07-06 13:33:38] [INFO ] ASTQueryTranslatorFactory:48 - HHH000397: Using ASTQueryTranslatorFactory
[2013-07-06 13:33:38] [INFO ] SchemaExport:343 - HHH000227: Running hbm2ddl schema export
[2013-07-06 13:33:38] [ERROR] SchemaExport:425 - HHH000389: Unsuccessful: alter table QUESTIONS drop constraint FK_ft7bojpo0rx65wm6t22460two
[2013-07-06 13:33:38] [ERROR] SchemaExport:426 - Table "QUESTIONS" not found; SQL statement:
alter table QUESTIONS drop constraint FK_ft7bojpo0rx65wm6t22460two [42102-145]
[2013-07-06 13:33:38] [ERROR] SchemaExport:425 - HHH000389: Unsuccessful: alter table QUESTIONS drop constraint FK_bl2wjhq5j87ubkqwqb3s5ulb4
[2013-07-06 13:33:38] [ERROR] SchemaExport:426 - Table "QUESTIONS" not found; SQL statement:
alter table QUESTIONS drop constraint FK_bl2wjhq5j87ubkqwqb3s5ulb4 [42102-145]
[2013-07-06 13:33:38] [ERROR] SchemaExport:425 - HHH000389: Unsuccessful: alter table QUESTIONSETS drop constraint FK_1lfsutbenn1e1x5oxtpg9lx6s
[2013-07-06 13:33:38] [ERROR] SchemaExport:426 - Table "QUESTIONSETS" not found; SQL statement:
alter table QUESTIONSETS drop constraint FK_1lfsutbenn1e1x5oxtpg9lx6s [42102-145]
[2013-07-06 13:33:38] [INFO ] SchemaExport:405 - HHH000230: Schema export complete
[2013-07-06 13:34:28] [INFO ] UserEditController:60 - Trying to add user testCRSID...
[2013-07-06 13:34:28] [WARN ] HqlSqlWalker:929 - [DEPRECATION] Encountered positional parameter near line 1, column 41.  Positional parameter are considered deprecated; use named parameters or JPA-style positional parameters instead.
[2013-07-06 13:34:28] [INFO ] UserEditController:83 - Successfully added user testCRSID
[2013-07-06 13:34:34] [INFO ] UserEditController:60 - Trying to add user asdlfk...
[2013-07-06 13:34:34] [INFO ] UserEditController:83 - Successfully added user asdlfk
[2013-07-06 13:34:43] [INFO ] UserEditController:60 - Trying to add user bbb12...
[2013-07-06 13:34:43] [WARN ] UserEditController:71 - Couldn't add user bbb12. User already exists.
[2013-07-06 13:34:46] [INFO ] UserEditController:60 - Trying to add user bbb12...
[2013-07-06 13:34:46] [WARN ] UserEditController:71 - Couldn't add user bbb12. User already exists.
[2013-07-06 13:34:47] [INFO ] UserEditController:60 - Trying to add user bbb12...
[2013-07-06 13:34:47] [WARN ] UserEditController:71 - Couldn't add user bbb12. User already exists.
[2013-07-06 13:34:48] [INFO ] UserEditController:60 - Trying to add user bbb12...
[2013-07-06 13:34:48] [WARN ] UserEditController:71 - Couldn't add user bbb12. User already exists.
[2013-07-06 13:34:49] [INFO ] UserEditController:60 - Trying to add user bbb12...
[2013-07-06 13:34:49] [WARN ] UserEditController:71 - Couldn't add user bbb12. User already exists.
[2013-07-06 13:34:50] [INFO ] UserEditController:60 - Trying to add user bbb12...
[2013-07-06 13:34:50] [WARN ] UserEditController:71 - Couldn't add user bbb12. User already exists.
[2013-07-06 13:34:51] [INFO ] UserEditController:60 - Trying to add user bbb12...
[2013-07-06 13:34:51] [WARN ] UserEditController:71 - Couldn't add user bbb12. User already exists.
[2013-07-06 13:34:52] [INFO ] UserEditController:60 - Trying to add user bbb12...
[2013-07-06 13:34:52] [WARN ] UserEditController:71 - Couldn't add user bbb12. User already exists.
[2013-07-06 13:34:52] [INFO ] UserEditController:60 - Trying to add user bbb12...
[2013-07-06 13:34:52] [WARN ] UserEditController:71 - Couldn't add user bbb12. User already exists.
[2013-07-06 13:34:53] [INFO ] UserEditController:60 - Trying to add user bbb12...
[2013-07-06 13:34:53] [WARN ] UserEditController:71 - Couldn't add user bbb12. User already exists.
[2013-07-06 13:34:54] [INFO ] UserEditController:60 - Trying to add user bbb12...
[2013-07-06 13:34:54] [WARN ] UserEditController:71 - Couldn't add user bbb12. User already exists.
[2013-07-06 13:34:55] [INFO ] UserEditController:60 - Trying to add user bbb12...
[2013-07-06 13:34:55] [WARN ] UserEditController:71 - Couldn't add user bbb12. User already exists.
[2013-07-06 13:34:55] [INFO ] UserEditController:60 - Trying to add user bbb12...
[2013-07-06 13:34:55] [WARN ] UserEditController:71 - Couldn't add user bbb12. User already exists.
[2013-07-06 13:35:01] [INFO ] UserEditController:60 - Trying to add user bbb12...
[2013-07-06 13:35:01] [WARN ] UserEditController:71 - Couldn't add user bbb12. User already exists.
[2013-07-06 13:35:02] [INFO ] UserEditController:60 - Trying to add user bbb12...
[2013-07-06 13:35:02] [WARN ] UserEditController:71 - Couldn't add user bbb12. User already exists.
[2013-07-06 13:35:02] [INFO ] UserEditController:60 - Trying to add user bbb12...
[2013-07-06 13:35:02] [WARN ] UserEditController:71 - Couldn't add user bbb12. User already exists.
[2013-07-06 13:35:02] [INFO ] UserEditController:60 - Trying to add user bbb12...
[2013-07-06 13:35:02] [WARN ] UserEditController:71 - Couldn't add user bbb12. User already exists.
[2013-07-06 13:35:29] [INFO ] ResteasyDeployment:82 - Deploying javax.ws.rs.core.Application: class org.example.SettingWork
[2013-07-06 13:35:29] [INFO ] Version:37 - HCANN000001: Hibernate Commons Annotations {4.0.2.Final}
[2013-07-06 13:35:29] [INFO ] Version:41 - HHH000412: Hibernate Core {4.2.2.Final}
[2013-07-06 13:35:29] [INFO ] Environment:239 - HHH000206: hibernate.properties not found
[2013-07-06 13:35:29] [INFO ] Environment:342 - HHH000021: Bytecode provider name : javassist
[2013-07-06 13:35:29] [INFO ] Configuration:1985 - HHH000043: Configuring from resource: /hibernate.cfg.xml
[2013-07-06 13:35:29] [INFO ] Configuration:2004 - HHH000040: Configuration resource: /hibernate.cfg.xml
[2013-07-06 13:35:29] [INFO ] Configuration:2126 - HHH000041: Configured SessionFactory: null
[2013-07-06 13:35:29] [INFO ] DriverManagerConnectionProviderImpl:98 - HHH000402: Using Hibernate built-in connection pool (not for production use!)
[2013-07-06 13:35:29] [INFO ] DriverManagerConnectionProviderImpl:134 - HHH000115: Hibernate connection pool size: 1
[2013-07-06 13:35:29] [INFO ] DriverManagerConnectionProviderImpl:137 - HHH000006: Autocommit mode: false
[2013-07-06 13:35:29] [INFO ] DriverManagerConnectionProviderImpl:151 - HHH000401: using driver [org.h2.Driver] at URL [jdbc:h2:mem:db1;DB_CLOSE_DELAY=-1;MVCC=TRUE]
[2013-07-06 13:35:29] [INFO ] DriverManagerConnectionProviderImpl:156 - HHH000046: Connection properties: {user=sa, password=****}
[2013-07-06 13:35:30] [INFO ] Dialect:130 - HHH000400: Using dialect: org.hibernate.dialect.H2Dialect
[2013-07-06 13:35:30] [INFO ] LobCreatorBuilder:94 - HHH000423: Disabling contextual LOB creation as JDBC driver reported JDBC version [3] less than 4
[2013-07-06 13:35:30] [INFO ] TransactionFactoryInitiator:68 - HHH000399: Using default transaction strategy (direct JDBC transactions)
[2013-07-06 13:35:30] [INFO ] ASTQueryTranslatorFactory:48 - HHH000397: Using ASTQueryTranslatorFactory
[2013-07-06 13:35:30] [INFO ] SchemaExport:343 - HHH000227: Running hbm2ddl schema export
[2013-07-06 13:35:30] [ERROR] SchemaExport:425 - HHH000389: Unsuccessful: alter table QUESTIONS drop constraint FK_ft7bojpo0rx65wm6t22460two
[2013-07-06 13:35:30] [ERROR] SchemaExport:426 - Table "QUESTIONS" not found; SQL statement:
alter table QUESTIONS drop constraint FK_ft7bojpo0rx65wm6t22460two [42102-145]
[2013-07-06 13:35:30] [ERROR] SchemaExport:425 - HHH000389: Unsuccessful: alter table QUESTIONS drop constraint FK_bl2wjhq5j87ubkqwqb3s5ulb4
[2013-07-06 13:35:30] [ERROR] SchemaExport:426 - Table "QUESTIONS" not found; SQL statement:
alter table QUESTIONS drop constraint FK_bl2wjhq5j87ubkqwqb3s5ulb4 [42102-145]
[2013-07-06 13:35:30] [ERROR] SchemaExport:425 - HHH000389: Unsuccessful: alter table QUESTIONSETS drop constraint FK_1lfsutbenn1e1x5oxtpg9lx6s
[2013-07-06 13:35:30] [ERROR] SchemaExport:426 - Table "QUESTIONSETS" not found; SQL statement:
alter table QUESTIONSETS drop constraint FK_1lfsutbenn1e1x5oxtpg9lx6s [42102-145]
[2013-07-06 13:35:30] [INFO ] SchemaExport:405 - HHH000230: Schema export complete
[2013-07-06 13:35:42] [INFO ] UserEditController:60 - Trying to add user bbb12...
[2013-07-06 13:35:42] [WARN ] HqlSqlWalker:929 - [DEPRECATION] Encountered positional parameter near line 1, column 41.  Positional parameter are considered deprecated; use named parameters or JPA-style positional parameters instead.
[2013-07-06 13:35:42] [WARN ] UserEditController:71 - Couldn't add user bbb12. User already exists.
[2013-07-06 13:35:43] [INFO ] UserEditController:60 - Trying to add user bbb12...
[2013-07-06 13:35:43] [WARN ] UserEditController:71 - Couldn't add user bbb12. User already exists.
[2013-07-06 13:35:43] [INFO ] UserEditController:60 - Trying to add user bbb12...
[2013-07-06 13:35:43] [WARN ] UserEditController:71 - Couldn't add user bbb12. User already exists.
[2013-07-06 13:35:44] [INFO ] UserEditController:60 - Trying to add user bbb12...
[2013-07-06 13:35:44] [WARN ] UserEditController:71 - Couldn't add user bbb12. User already exists.
[2013-07-06 13:35:44] [INFO ] UserEditController:60 - Trying to add user bbb12...
[2013-07-06 13:35:44] [WARN ] UserEditController:71 - Couldn't add user bbb12. User already exists.
[2013-07-06 13:35:45] [INFO ] UserEditController:60 - Trying to add user bbb12...
[2013-07-06 13:35:45] [WARN ] UserEditController:71 - Couldn't add user bbb12. User already exists.
[2013-07-06 13:39:50] [INFO ] ResteasyDeployment:82 - Deploying javax.ws.rs.core.Application: class org.example.SettingWork
[2013-07-06 13:39:50] [INFO ] Version:37 - HCANN000001: Hibernate Commons Annotations {4.0.2.Final}
[2013-07-06 13:39:50] [INFO ] Version:41 - HHH000412: Hibernate Core {4.2.2.Final}
[2013-07-06 13:39:50] [INFO ] Environment:239 - HHH000206: hibernate.properties not found
[2013-07-06 13:39:50] [INFO ] Environment:342 - HHH000021: Bytecode provider name : javassist
[2013-07-06 13:39:50] [INFO ] Configuration:1985 - HHH000043: Configuring from resource: /hibernate.cfg.xml
[2013-07-06 13:39:50] [INFO ] Configuration:2004 - HHH000040: Configuration resource: /hibernate.cfg.xml
[2013-07-06 13:39:50] [INFO ] Configuration:2126 - HHH000041: Configured SessionFactory: null
[2013-07-06 13:39:50] [INFO ] DriverManagerConnectionProviderImpl:98 - HHH000402: Using Hibernate built-in connection pool (not for production use!)
[2013-07-06 13:39:50] [INFO ] DriverManagerConnectionProviderImpl:134 - HHH000115: Hibernate connection pool size: 1
[2013-07-06 13:39:50] [INFO ] DriverManagerConnectionProviderImpl:137 - HHH000006: Autocommit mode: false
[2013-07-06 13:39:50] [INFO ] DriverManagerConnectionProviderImpl:151 - HHH000401: using driver [org.h2.Driver] at URL [jdbc:h2:mem:db1;DB_CLOSE_DELAY=-1;MVCC=TRUE]
[2013-07-06 13:39:50] [INFO ] DriverManagerConnectionProviderImpl:156 - HHH000046: Connection properties: {user=sa, password=****}
[2013-07-06 13:39:50] [INFO ] Dialect:130 - HHH000400: Using dialect: org.hibernate.dialect.H2Dialect
[2013-07-06 13:39:50] [INFO ] LobCreatorBuilder:94 - HHH000423: Disabling contextual LOB creation as JDBC driver reported JDBC version [3] less than 4
[2013-07-06 13:39:51] [INFO ] TransactionFactoryInitiator:68 - HHH000399: Using default transaction strategy (direct JDBC transactions)
[2013-07-06 13:39:51] [INFO ] ASTQueryTranslatorFactory:48 - HHH000397: Using ASTQueryTranslatorFactory
[2013-07-06 13:39:51] [INFO ] SchemaExport:343 - HHH000227: Running hbm2ddl schema export
[2013-07-06 13:39:51] [ERROR] SchemaExport:425 - HHH000389: Unsuccessful: alter table QUESTIONS drop constraint FK_ft7bojpo0rx65wm6t22460two
[2013-07-06 13:39:51] [ERROR] SchemaExport:426 - Table "QUESTIONS" not found; SQL statement:
alter table QUESTIONS drop constraint FK_ft7bojpo0rx65wm6t22460two [42102-145]
[2013-07-06 13:39:51] [ERROR] SchemaExport:425 - HHH000389: Unsuccessful: alter table QUESTIONS drop constraint FK_bl2wjhq5j87ubkqwqb3s5ulb4
[2013-07-06 13:39:51] [ERROR] SchemaExport:426 - Table "QUESTIONS" not found; SQL statement:
alter table QUESTIONS drop constraint FK_bl2wjhq5j87ubkqwqb3s5ulb4 [42102-145]
[2013-07-06 13:39:51] [ERROR] SchemaExport:425 - HHH000389: Unsuccessful: alter table QUESTIONSETS drop constraint FK_1lfsutbenn1e1x5oxtpg9lx6s
[2013-07-06 13:39:51] [ERROR] SchemaExport:426 - Table "QUESTIONSETS" not found; SQL statement:
alter table QUESTIONSETS drop constraint FK_1lfsutbenn1e1x5oxtpg9lx6s [42102-145]
[2013-07-06 13:39:51] [INFO ] SchemaExport:405 - HHH000230: Schema export complete
[2013-07-06 13:40:00] [INFO ] UserEditController:62 - Trying to add user bbb12...
[2013-07-06 13:40:00] [WARN ] HqlSqlWalker:929 - [DEPRECATION] Encountered positional parameter near line 1, column 41.  Positional parameter are considered deprecated; use named parameters or JPA-style positional parameters instead.
[2013-07-06 13:40:00] [WARN ] UserEditController:73 - Couldn't add user bbb12. User already exists.
[2013-07-06 13:40:06] [INFO ] UserEditController:62 - Trying to add user bbb12...
[2013-07-06 13:40:06] [WARN ] UserEditController:73 - Couldn't add user bbb12. User already exists.
[2013-07-06 13:41:37] [INFO ] ResteasyDeployment:82 - Deploying javax.ws.rs.core.Application: class org.example.SettingWork
[2013-07-06 13:41:38] [INFO ] Version:37 - HCANN000001: Hibernate Commons Annotations {4.0.2.Final}
[2013-07-06 13:41:38] [INFO ] Version:41 - HHH000412: Hibernate Core {4.2.2.Final}
[2013-07-06 13:41:38] [INFO ] Environment:239 - HHH000206: hibernate.properties not found
[2013-07-06 13:41:38] [INFO ] Environment:342 - HHH000021: Bytecode provider name : javassist
[2013-07-06 13:41:38] [INFO ] Configuration:1985 - HHH000043: Configuring from resource: /hibernate.cfg.xml
[2013-07-06 13:41:38] [INFO ] Configuration:2004 - HHH000040: Configuration resource: /hibernate.cfg.xml
[2013-07-06 13:41:38] [INFO ] Configuration:2126 - HHH000041: Configured SessionFactory: null
[2013-07-06 13:41:38] [INFO ] DriverManagerConnectionProviderImpl:98 - HHH000402: Using Hibernate built-in connection pool (not for production use!)
[2013-07-06 13:41:38] [INFO ] DriverManagerConnectionProviderImpl:134 - HHH000115: Hibernate connection pool size: 1
[2013-07-06 13:41:38] [INFO ] DriverManagerConnectionProviderImpl:137 - HHH000006: Autocommit mode: false
[2013-07-06 13:41:38] [INFO ] DriverManagerConnectionProviderImpl:151 - HHH000401: using driver [org.h2.Driver] at URL [jdbc:h2:mem:db1;DB_CLOSE_DELAY=-1;MVCC=TRUE]
[2013-07-06 13:41:38] [INFO ] DriverManagerConnectionProviderImpl:156 - HHH000046: Connection properties: {user=sa, password=****}
[2013-07-06 13:41:38] [INFO ] Dialect:130 - HHH000400: Using dialect: org.hibernate.dialect.H2Dialect
[2013-07-06 13:41:38] [INFO ] LobCreatorBuilder:94 - HHH000423: Disabling contextual LOB creation as JDBC driver reported JDBC version [3] less than 4
[2013-07-06 13:41:38] [INFO ] TransactionFactoryInitiator:68 - HHH000399: Using default transaction strategy (direct JDBC transactions)
[2013-07-06 13:41:38] [INFO ] ASTQueryTranslatorFactory:48 - HHH000397: Using ASTQueryTranslatorFactory
[2013-07-06 13:41:39] [INFO ] SchemaExport:343 - HHH000227: Running hbm2ddl schema export
[2013-07-06 13:41:39] [ERROR] SchemaExport:425 - HHH000389: Unsuccessful: alter table QUESTIONS drop constraint FK_ft7bojpo0rx65wm6t22460two
[2013-07-06 13:41:39] [ERROR] SchemaExport:426 - Table "QUESTIONS" not found; SQL statement:
alter table QUESTIONS drop constraint FK_ft7bojpo0rx65wm6t22460two [42102-145]
[2013-07-06 13:41:39] [ERROR] SchemaExport:425 - HHH000389: Unsuccessful: alter table QUESTIONS drop constraint FK_bl2wjhq5j87ubkqwqb3s5ulb4
[2013-07-06 13:41:39] [ERROR] SchemaExport:426 - Table "QUESTIONS" not found; SQL statement:
alter table QUESTIONS drop constraint FK_bl2wjhq5j87ubkqwqb3s5ulb4 [42102-145]
[2013-07-06 13:41:39] [ERROR] SchemaExport:425 - HHH000389: Unsuccessful: alter table QUESTIONSETS drop constraint FK_1lfsutbenn1e1x5oxtpg9lx6s
[2013-07-06 13:41:39] [ERROR] SchemaExport:426 - Table "QUESTIONSETS" not found; SQL statement:
alter table QUESTIONSETS drop constraint FK_1lfsutbenn1e1x5oxtpg9lx6s [42102-145]
[2013-07-06 13:41:39] [INFO ] SchemaExport:405 - HHH000230: Schema export complete
[2013-07-06 13:41:52] [INFO ] UserEditController:62 - Trying to add user bbb12...
[2013-07-06 13:41:52] [WARN ] HqlSqlWalker:929 - [DEPRECATION] Encountered positional parameter near line 1, column 41.  Positional parameter are considered deprecated; use named parameters or JPA-style positional parameters instead.
[2013-07-06 13:41:52] [WARN ] UserEditController:73 - Couldn't add user bbb12. User already exists.
[2013-07-06 13:42:45] [INFO ] ResteasyDeployment:82 - Deploying javax.ws.rs.core.Application: class org.example.SettingWork
[2013-07-06 13:42:45] [INFO ] Version:37 - HCANN000001: Hibernate Commons Annotations {4.0.2.Final}
[2013-07-06 13:42:45] [INFO ] Version:41 - HHH000412: Hibernate Core {4.2.2.Final}
[2013-07-06 13:42:45] [INFO ] Environment:239 - HHH000206: hibernate.properties not found
[2013-07-06 13:42:45] [INFO ] Environment:342 - HHH000021: Bytecode provider name : javassist
[2013-07-06 13:42:45] [INFO ] Configuration:1985 - HHH000043: Configuring from resource: /hibernate.cfg.xml
[2013-07-06 13:42:45] [INFO ] Configuration:2004 - HHH000040: Configuration resource: /hibernate.cfg.xml
[2013-07-06 13:42:45] [INFO ] Configuration:2126 - HHH000041: Configured SessionFactory: null
[2013-07-06 13:42:45] [INFO ] DriverManagerConnectionProviderImpl:98 - HHH000402: Using Hibernate built-in connection pool (not for production use!)
[2013-07-06 13:42:45] [INFO ] DriverManagerConnectionProviderImpl:134 - HHH000115: Hibernate connection pool size: 1
[2013-07-06 13:42:45] [INFO ] DriverManagerConnectionProviderImpl:137 - HHH000006: Autocommit mode: false
[2013-07-06 13:42:45] [INFO ] DriverManagerConnectionProviderImpl:151 - HHH000401: using driver [org.h2.Driver] at URL [jdbc:h2:mem:db1;DB_CLOSE_DELAY=-1;MVCC=TRUE]
[2013-07-06 13:42:45] [INFO ] DriverManagerConnectionProviderImpl:156 - HHH000046: Connection properties: {user=sa, password=****}
[2013-07-06 13:42:46] [INFO ] Dialect:130 - HHH000400: Using dialect: org.hibernate.dialect.H2Dialect
[2013-07-06 13:42:46] [INFO ] LobCreatorBuilder:94 - HHH000423: Disabling contextual LOB creation as JDBC driver reported JDBC version [3] less than 4
[2013-07-06 13:42:46] [INFO ] TransactionFactoryInitiator:68 - HHH000399: Using default transaction strategy (direct JDBC transactions)
[2013-07-06 13:42:46] [INFO ] ASTQueryTranslatorFactory:48 - HHH000397: Using ASTQueryTranslatorFactory
[2013-07-06 13:42:46] [INFO ] SchemaExport:343 - HHH000227: Running hbm2ddl schema export
[2013-07-06 13:42:46] [ERROR] SchemaExport:425 - HHH000389: Unsuccessful: alter table QUESTIONS drop constraint FK_ft7bojpo0rx65wm6t22460two
[2013-07-06 13:42:46] [ERROR] SchemaExport:426 - Table "QUESTIONS" not found; SQL statement:
alter table QUESTIONS drop constraint FK_ft7bojpo0rx65wm6t22460two [42102-145]
[2013-07-06 13:42:46] [ERROR] SchemaExport:425 - HHH000389: Unsuccessful: alter table QUESTIONS drop constraint FK_bl2wjhq5j87ubkqwqb3s5ulb4
[2013-07-06 13:42:46] [ERROR] SchemaExport:426 - Table "QUESTIONS" not found; SQL statement:
alter table QUESTIONS drop constraint FK_bl2wjhq5j87ubkqwqb3s5ulb4 [42102-145]
[2013-07-06 13:42:46] [ERROR] SchemaExport:425 - HHH000389: Unsuccessful: alter table QUESTIONSETS drop constraint FK_1lfsutbenn1e1x5oxtpg9lx6s
[2013-07-06 13:42:46] [ERROR] SchemaExport:426 - Table "QUESTIONSETS" not found; SQL statement:
alter table QUESTIONSETS drop constraint FK_1lfsutbenn1e1x5oxtpg9lx6s [42102-145]
[2013-07-06 13:42:46] [INFO ] SchemaExport:405 - HHH000230: Schema export complete
[2013-07-06 13:42:58] [INFO ] UserEditController:68 - Trying to add user bbb12...
[2013-07-06 13:42:58] [WARN ] HqlSqlWalker:929 - [DEPRECATION] Encountered positional parameter near line 1, column 41.  Positional parameter are considered deprecated; use named parameters or JPA-style positional parameters instead.
[2013-07-06 13:42:58] [WARN ] UserEditController:79 - Couldn't add user bbb12. User already exists.
[2013-07-06 13:47:17] [INFO ] UserEditController:68 - Trying to add user bbb12...
[2013-07-06 13:47:17] [INFO ] UserEditController:92 - Successfully added user bbb12
[2013-07-06 13:47:27] [INFO ] UserEditController:68 - Trying to add user dd34...
[2013-07-06 13:47:27] [INFO ] UserEditController:92 - Successfully added user dd34
[2013-07-06 13:47:36] [WARN ] SqlExceptionHelper:145 - SQL Error: 23003, SQLState: 23003
[2013-07-06 13:47:36] [ERROR] SqlExceptionHelper:147 - Referential integrity constraint violation: "FK_FT7BOJPO0RX65WM6T22460TWO: PUBLIC.QUESTIONS FOREIGN KEY(AUTHOR_ID) REFERENCES PUBLIC.USERS(ID)"; SQL statement:
delete from USERS where id=? [23003-145]
[2013-07-06 13:47:55] [WARN ] SqlExceptionHelper:145 - SQL Error: 23003, SQLState: 23003
[2013-07-06 13:47:55] [ERROR] SqlExceptionHelper:147 - Referential integrity constraint violation: "FK_FT7BOJPO0RX65WM6T22460TWO: PUBLIC.QUESTIONS FOREIGN KEY(AUTHOR_ID) REFERENCES PUBLIC.USERS(ID)"; SQL statement:
delete from USERS where id=? [23003-145]
[2013-07-06 13:48:08] [INFO ] UserEditController:68 - Trying to add user bbb12...
[2013-07-06 13:48:08] [INFO ] UserEditController:92 - Successfully added user bbb12
[2013-07-06 13:48:22] [WARN ] HqlSqlWalker:929 - [DEPRECATION] Encountered positional parameter near line 1, column 51.  Positional parameter are considered deprecated; use named parameters or JPA-style positional parameters instead.
[2013-07-06 13:48:25] [WARN ] HqlSqlWalker:929 - [DEPRECATION] Encountered positional parameter near line 1, column 52.  Positional parameter are considered deprecated; use named parameters or JPA-style positional parameters instead.
[2013-07-06 13:48:25] [WARN ] HqlSqlWalker:929 - [DEPRECATION] Encountered positional parameter near line 1, column 48.  Positional parameter are considered deprecated; use named parameters or JPA-style positional parameters instead.
[2013-07-06 13:48:30] [WARN ] SqlExceptionHelper:145 - SQL Error: 23003, SQLState: 23003
[2013-07-06 13:48:30] [ERROR] SqlExceptionHelper:147 - Referential integrity constraint violation: "FK_1LFSUTBENN1E1X5OXTPG9LX6S: PUBLIC.QUESTIONSETS FOREIGN KEY(OWNER_ID) REFERENCES PUBLIC.USERS(ID)"; SQL statement:
delete from USERS where id=? [23003-145]
